[2012-03-18 09-11-32] Fatal error: Call to undefined function JsonResponse() in D:\stranky\!__NETTE\nette\app\presenters\ArrangementPresenter.php:24  @  http://cd.localhost/arrangement/?pepik=lojzik&id_squad=1&do=insert  @@  exception-2012-03-18-09-11-32-eba2767b0df9371750182cf33c6c2726.html
[2012-03-18 09-12-31] Fatal error: Argument 1 passed to NPresenter::sendResponse() must be an instance of IPresenterResponse, null given, called in D:\stranky\!__NETTE\nette\app\presenters\ArrangementPresenter.php on line 24 and defined in D:\stranky\!__NETTE\nette\libs\Nette\Application\UI\Presenter.php:615  @  http://cd.localhost/arrangement/?pepik=lojzik&id_squad=1&do=insert  @@  exception-2012-03-18-09-12-31-1770882d909fea7fce8789fc80236ec3.html
[2012-03-18 09-13-29] Fatal error: Argument 1 passed to NPresenter::sendResponse() must be an instance of IPresenterResponse, null given, called in D:\stranky\!__NETTE\nette\app\presenters\ArrangementPresenter.php on line 24 and defined in D:\stranky\!__NETTE\nette\libs\Nette\Application\UI\Presenter.php:615  @  http://cd.localhost/arrangement/?pepik=lojzik&id_squad=1&do=insert  @@  exception-2012-03-18-09-12-31-1770882d909fea7fce8789fc80236ec3.html
[2012-03-18 09-13-45] Fatal error: Argument 1 passed to NPresenter::sendResponse() must be an instance of IPresenterResponse, null given, called in D:\stranky\!__NETTE\nette\app\presenters\ArrangementPresenter.php on line 24 and defined in D:\stranky\!__NETTE\nette\libs\Nette\Application\UI\Presenter.php:615  @  http://cd.localhost/arrangement/?temp=lojzik&id_squad=1&do=insert  @@  exception-2012-03-18-09-13-45-b41c578ef7df47f2875be8a220c974c1.html
[2012-03-18 09-28-10] NBadRequestException: No route for HTTP request. in D:\stranky\!__NETTE\nette\libs\Nette\Application\Application.php:105  @  http://cd.localhost/arrangement/ajax.php  @@  exception-2012-03-18-09-28-10-7a733cddca6db4f8d9f01cac65f53e0a.html
[2012-03-18 09-29-02] NBadRequestException: No route for HTTP request. in D:\stranky\!__NETTE\nette\libs\Nette\Application\Application.php:105  @  http://cd.localhost/libs/ajax.php  @@  exception-2012-03-18-09-28-10-7a733cddca6db4f8d9f01cac65f53e0a.html
[2012-03-18 12-57-00] Fatal error: Undefined index:  number in D:\stranky\!__NETTE\nette\app\presenters\ArrangementPresenter.php:57  @  http://cd.localhost/arrangement/ajax  @@  exception-2012-03-18-12-57-00-cb8b88cb54fa21a912bbb6ef49bd6cce.html
[2012-03-18 12-57-11] Fatal error: Undefined index:  number in D:\stranky\!__NETTE\nette\app\presenters\ArrangementPresenter.php:57  @  http://cd.localhost/arrangement/ajax  @@  exception-2012-03-18-12-57-00-cb8b88cb54fa21a912bbb6ef49bd6cce.html
[2012-03-18 12-59-37] Fatal error: Undefined index:  number in D:\stranky\!__NETTE\nette\app\presenters\ArrangementPresenter.php:57  @  http://cd.localhost/arrangement/ajax  @@  exception-2012-03-18-12-57-00-cb8b88cb54fa21a912bbb6ef49bd6cce.html
[2012-03-18 12-59-42] Fatal error: Undefined index:  number in D:\stranky\!__NETTE\nette\app\presenters\ArrangementPresenter.php:57  @  http://cd.localhost/arrangement/ajax  @@  exception-2012-03-18-12-57-00-cb8b88cb54fa21a912bbb6ef49bd6cce.html
[2012-03-18 12-59-46] Fatal error: Undefined index:  number in D:\stranky\!__NETTE\nette\app\presenters\ArrangementPresenter.php:57  @  http://cd.localhost/arrangement/ajax  @@  exception-2012-03-18-12-57-00-cb8b88cb54fa21a912bbb6ef49bd6cce.html
[2012-03-18 13-00-24] Fatal error: Undefined index:  number in D:\stranky\!__NETTE\nette\app\presenters\ArrangementPresenter.php:57  @  http://cd.localhost/arrangement/ajax  @@  exception-2012-03-18-12-57-00-cb8b88cb54fa21a912bbb6ef49bd6cce.html
[2012-03-18 13-00-32] Fatal error: Undefined index:  number in D:\stranky\!__NETTE\nette\app\presenters\ArrangementPresenter.php:57  @  http://cd.localhost/arrangement/ajax  @@  exception-2012-03-18-12-57-00-cb8b88cb54fa21a912bbb6ef49bd6cce.html
[2012-03-18 13-01-45] Fatal error: Undefined index:  number in D:\stranky\!__NETTE\nette\app\presenters\ArrangementPresenter.php:57  @  http://cd.localhost/arrangement/ajax  @@  exception-2012-03-18-12-57-00-cb8b88cb54fa21a912bbb6ef49bd6cce.html
[2012-03-18 13-01-47] Fatal error: Undefined index:  number in D:\stranky\!__NETTE\nette\app\presenters\ArrangementPresenter.php:57  @  http://cd.localhost/arrangement/ajax  @@  exception-2012-03-18-12-57-00-cb8b88cb54fa21a912bbb6ef49bd6cce.html
[2012-03-18 13-01-56] Fatal error: Undefined index:  number in D:\stranky\!__NETTE\nette\app\presenters\ArrangementPresenter.php:57  @  http://cd.localhost/arrangement/ajax  @@  exception-2012-03-18-12-57-00-cb8b88cb54fa21a912bbb6ef49bd6cce.html
[2012-03-18 13-03-33] Fatal error: Undefined index:  number in D:\stranky\!__NETTE\nette\app\presenters\ArrangementPresenter.php:57  @  http://cd.localhost/arrangement/ajax  @@  exception-2012-03-18-12-57-00-cb8b88cb54fa21a912bbb6ef49bd6cce.html
[2012-03-18 13-04-02] Fatal error: Undefined index:  number in D:\stranky\!__NETTE\nette\app\presenters\ArrangementPresenter.php:57  @  http://cd.localhost/arrangement/ajax  @@  exception-2012-03-18-12-57-00-cb8b88cb54fa21a912bbb6ef49bd6cce.html
[2012-03-18 13-04-31] Fatal error: Undefined index:  number in D:\stranky\!__NETTE\nette\app\presenters\ArrangementPresenter.php:57  @  http://cd.localhost/arrangement/ajax  @@  exception-2012-03-18-12-57-00-cb8b88cb54fa21a912bbb6ef49bd6cce.html
[2012-03-18 13-05-07] Fatal error: Undefined index:  number in D:\stranky\!__NETTE\nette\app\presenters\ArrangementPresenter.php:57  @  http://cd.localhost/arrangement/ajax  @@  exception-2012-03-18-12-57-00-cb8b88cb54fa21a912bbb6ef49bd6cce.html
[2012-03-18 13-05-41] Fatal error: Undefined index:  number in D:\stranky\!__NETTE\nette\app\presenters\ArrangementPresenter.php:57  @  http://cd.localhost/arrangement/ajax  @@  exception-2012-03-18-12-57-00-cb8b88cb54fa21a912bbb6ef49bd6cce.html
[2012-03-18 13-07-16] Fatal error: Undefined index:  number in D:\stranky\!__NETTE\nette\app\presenters\ArrangementPresenter.php:57  @  http://cd.localhost/arrangement/ajax  @@  exception-2012-03-18-12-57-00-cb8b88cb54fa21a912bbb6ef49bd6cce.html
[2012-03-18 13-09-49] Fatal error: Undefined index:  number in D:\stranky\!__NETTE\nette\app\presenters\ArrangementPresenter.php:57  @  http://cd.localhost/arrangement/ajax  @@  exception-2012-03-18-12-57-00-cb8b88cb54fa21a912bbb6ef49bd6cce.html
[2012-03-18 13-13-04] Fatal error: Undefined index:  number in D:\stranky\!__NETTE\nette\app\presenters\ArrangementPresenter.php:57  @  http://cd.localhost/arrangement/ajax  @@  exception-2012-03-18-12-57-00-cb8b88cb54fa21a912bbb6ef49bd6cce.html
[2012-03-18 13-13-38] Fatal error: Undefined index:  number in D:\stranky\!__NETTE\nette\app\presenters\ArrangementPresenter.php:57  @  http://cd.localhost/arrangement/ajax  @@  exception-2012-03-18-12-57-00-cb8b88cb54fa21a912bbb6ef49bd6cce.html
[2012-03-18 13-13-43] Fatal error: Undefined index:  number in D:\stranky\!__NETTE\nette\app\presenters\ArrangementPresenter.php:57  @  http://cd.localhost/arrangement/ajax  @@  exception-2012-03-18-12-57-00-cb8b88cb54fa21a912bbb6ef49bd6cce.html
[2012-03-30 16-49-47] DibiDriverException: Unknown column 'nubmer' in 'field list' in D:\stranky\!__NETTE\nette\libs\dibi\drivers\mysql.php:167  @  http://cd.localhost/arrangement/ajax  @@  exception-2012-03-30-16-49-47-a8e4393d1965c37a9488e29790ac5834.html
[2012-03-30 16-49-54] DibiDriverException: Unknown column 'nubmer' in 'field list' in D:\stranky\!__NETTE\nette\libs\dibi\drivers\mysql.php:167  @  http://cd.localhost/arrangement/ajax  @@  exception-2012-03-30-16-49-54-05ef3df8bbbc348fb5fff81e4ed5f289.html
[2012-03-30 16-54-31] DibiDriverException: Unknown column 'nubmer' in 'field list' in D:\stranky\!__NETTE\nette\libs\dibi\drivers\mysql.php:167  @  http://cd.localhost/arrangement/ajax  @@  exception-2012-03-30-16-54-31-385b07ae0a59ccbf4d2987d185074399.html
[2012-03-30 16-55-40] DibiDriverException: Unknown column 'nubmer' in 'field list' in D:\stranky\!__NETTE\nette\libs\dibi\drivers\mysql.php:167  @  http://cd.localhost/arrangement/ajax  @@  exception-2012-03-30-16-55-40-615870caf9b4079556bc287c23b5e13a.html
[2012-03-30 16-59-37] DibiDriverException: Unknown column 'nubmer' in 'field list' in D:\stranky\!__NETTE\nette\libs\dibi\drivers\mysql.php:167  @  http://cd.localhost/arrangement/ajax  @@  exception-2012-03-30-16-59-37-ba6f5cb59f5111fbbb4c0238b8c64409.html
[2012-03-30 17-00-06] DibiDriverException: Unknown column 'nubmer' in 'field list' in D:\stranky\!__NETTE\nette\libs\dibi\drivers\mysql.php:167  @  http://cd.localhost/arrangement/ajax  @@  exception-2012-03-30-17-00-06-a426eb6fa738a0e13b12e6eeb20eebd5.html
[2012-03-30 17-00-38] DibiDriverException: Unknown column 'nubmer' in 'field list' in D:\stranky\!__NETTE\nette\libs\dibi\drivers\mysql.php:167  @  http://cd.localhost/arrangement/ajax  @@  exception-2012-03-30-17-00-38-4987a0cb848c29956aaa1ebf35200c73.html
[2012-03-30 17-00-48] DibiDriverException: Unknown column 'nubmer' in 'field list' in D:\stranky\!__NETTE\nette\libs\dibi\drivers\mysql.php:167  @  http://cd.localhost/arrangement/ajax  @@  exception-2012-03-30-17-00-48-538951a8a3e2c85e3f5fd5c1538d38a0.html
[2012-03-30 17-01-57] DibiDriverException: Unknown column 'nubmer' in 'field list' in D:\stranky\!__NETTE\nette\libs\dibi\drivers\mysql.php:167  @  http://cd.localhost/arrangement/ajax  @@  exception-2012-03-30-17-01-57-0524eb88c8bcc132bc3beafa1c556522.html
[2012-03-30 17-03-04] DibiDriverException: Unknown column 'nubmer' in 'field list' in D:\stranky\!__NETTE\nette\libs\dibi\drivers\mysql.php:167  @  http://cd.localhost/arrangement/ajax  @@  exception-2012-03-30-17-03-04-e364acb2d1121b6c51b364a2a8cb0c7e.html
[2012-03-30 17-04-23] DibiDriverException: Duplicate entry '15' for key 'id_arrangement' in D:\stranky\!__NETTE\nette\libs\dibi\drivers\mysql.php:167  @  http://cd.localhost/arrangement/ajax  @@  exception-2012-03-30-17-04-23-8f9e6c96f0968db42202db344c5d49e1.html
[2012-03-30 17-04-55] DibiDriverException: Duplicate entry '5' for key 'id_arrangement' in D:\stranky\!__NETTE\nette\libs\dibi\drivers\mysql.php:167  @  http://cd.localhost/arrangement/ajax  @@  exception-2012-03-30-17-04-55-251168e9ca3adbe58653b3665c381aae.html
[2012-03-30 17-06-01] DibiDriverException: Duplicate entry '17' for key 'id_arrangement' in D:\stranky\!__NETTE\nette\libs\dibi\drivers\mysql.php:167  @  http://cd.localhost/arrangement/ajax  @@  exception-2012-03-30-17-06-01-f7b20193d0a5d417b39aa188951d7ff3.html
[2012-03-30 17-06-44] DibiDriverException: Duplicate entry '18' for key 'id_arrangement' in D:\stranky\!__NETTE\nette\libs\dibi\drivers\mysql.php:167  @  http://cd.localhost/arrangement/ajax  @@  exception-2012-03-30-17-06-44-67c575b2abbc5c804d1736b671856727.html
[2012-03-30 17-07-47] DibiDriverException: Duplicate entry '19' for key 'id_arrangement' in D:\stranky\!__NETTE\nette\libs\dibi\drivers\mysql.php:167  @  http://cd.localhost/arrangement/ajax  @@  exception-2012-03-30-17-07-47-256d5de69cd19ed30a5804169eebcf20.html
[2012-03-30 17-08-21] DibiDriverException: Duplicate entry '20' for key 'id_arrangement' in D:\stranky\!__NETTE\nette\libs\dibi\drivers\mysql.php:167  @  http://cd.localhost/arrangement/ajax  @@  exception-2012-03-30-17-08-21-f8184a40efa61017a4f47b5611f43919.html
[2012-03-30 17-09-01] DibiDriverException: Duplicate entry '21' for key 'id_arrangement' in D:\stranky\!__NETTE\nette\libs\dibi\drivers\mysql.php:167  @  http://cd.localhost/arrangement/ajax  @@  exception-2012-03-30-17-09-01-a2f4e7047dff3b17c3fd55c5cd1eb4e1.html
[2012-03-30 17-11-04] DibiDriverException: Duplicate entry '22' for key 'id_arrangement' in D:\stranky\!__NETTE\nette\libs\dibi\drivers\mysql.php:167  @  http://cd.localhost/arrangement/ajax  @@  exception-2012-03-30-17-11-04-fa0e15118859c6c20a657e1297d3fc45.html
[2012-03-30 17-12-49] DibiDriverException: Duplicate entry '24' for key 'id_arrangement' in D:\stranky\!__NETTE\nette\libs\dibi\drivers\mysql.php:167  @  http://cd.localhost/arrangement/ajax  @@  exception-2012-03-30-17-12-49-9255350440ab45e7829c66b581d36acb.html
[2012-03-30 17-14-23] DibiDriverException: Duplicate entry '26' for key 'id_arrangement' in D:\stranky\!__NETTE\nette\libs\dibi\drivers\mysql.php:167  @  http://cd.localhost/arrangement/ajax  @@  exception-2012-03-30-17-14-23-46fae4e5b351509eefc292af20f8bf78.html
[2012-03-30 17-17-02] DibiDriverException: Duplicate entry '28' for key 'id_arrangement' in D:\stranky\!__NETTE\nette\libs\dibi\drivers\mysql.php:167  @  http://cd.localhost/arrangement/ajax  @@  exception-2012-03-30-17-17-02-50210b0cc0124846ba3d3d912ac3643f.html
[2012-03-30 17-18-09] DibiDriverException: Duplicate entry '30' for key 'id_arrangement' in D:\stranky\!__NETTE\nette\libs\dibi\drivers\mysql.php:167  @  http://cd.localhost/arrangement/ajax  @@  exception-2012-03-30-17-18-09-f990196dd0ba4c8f137a0d9c1f5ab716.html
[2012-03-30 17-19-19] DibiDriverException: Duplicate entry '31' for key 'id_arrangement' in D:\stranky\!__NETTE\nette\libs\dibi\drivers\mysql.php:167  @  http://cd.localhost/arrangement/ajax  @@  exception-2012-03-30-17-19-19-b29a2952c22539c8ad1b319df00dc89b.html
[2012-03-30 17-19-32] DibiDriverException: Duplicate entry '32' for key 'id_arrangement' in D:\stranky\!__NETTE\nette\libs\dibi\drivers\mysql.php:167  @  http://cd.localhost/arrangement/ajax  @@  exception-2012-03-30-17-19-32-3a0f062eabc02ddbc2d6897df45f0f7f.html
[2012-03-30 17-20-11] DibiDriverException: Duplicate entry '36' for key 'id_arrangement' in D:\stranky\!__NETTE\nette\libs\dibi\drivers\mysql.php:167  @  http://cd.localhost/arrangement/ajax  @@  exception-2012-03-30-17-20-11-83fe0db42480c97dc2994110cef178f7.html
[2012-03-30 17-20-57] DibiDriverException: Duplicate entry '37' for key 'id_arrangement' in D:\stranky\!__NETTE\nette\libs\dibi\drivers\mysql.php:167  @  http://cd.localhost/arrangement/ajax  @@  exception-2012-03-30-17-20-57-d6415a1f9bb28c334fe6dfb4ff249e3b.html
[2012-03-30 17-21-25] DibiDriverException: Duplicate entry '39' for key 'id_arrangement' in D:\stranky\!__NETTE\nette\libs\dibi\drivers\mysql.php:167  @  http://cd.localhost/arrangement/ajax  @@  exception-2012-03-30-17-21-25-0ebf977c67ae119e024814a2ffdb0e61.html
[2012-03-30 17-22-18] DibiDriverException: Duplicate entry '42' for key 'id_arrangement' in D:\stranky\!__NETTE\nette\libs\dibi\drivers\mysql.php:167  @  http://cd.localhost/arrangement/ajax  @@  exception-2012-03-30-17-22-18-eafdd3897be997613d4c44ad167d624a.html
[2012-03-30 17-26-21] MemberAccessException: Call to undefined method Model::setPlayersToArrangement(). in D:\stranky\!__NETTE\nette\libs\Nette\common\ObjectMixin.php:70  @  http://cd.localhost/arrangement/ajax  @@  exception-2012-03-30-17-26-21-8c493c408a62154857633a00844bc93c.html
[2012-03-30 17-27-02] MemberAccessException: Call to undefined method Model::setPlayersToArrangement(). in D:\stranky\!__NETTE\nette\libs\Nette\common\ObjectMixin.php:70  @  http://cd.localhost/arrangement/ajax  @@  exception-2012-03-30-17-27-02-581e3fa08ea32fbf0c4808a623741503.html
[2012-03-30 17-27-29] MemberAccessException: Call to undefined method Model::setPlayersToArrangement(). in D:\stranky\!__NETTE\nette\libs\Nette\common\ObjectMixin.php:70  @  http://cd.localhost/arrangement/ajax  @@  exception-2012-03-30-17-27-29-b0b78f22e9f5dae59b4c4832773b463a.html
[2012-03-30 17-28-12] MemberAccessException: Call to undefined method Model::setPlayersToArrangement(). in D:\stranky\!__NETTE\nette\libs\Nette\common\ObjectMixin.php:70  @  http://cd.localhost/arrangement/ajax  @@  exception-2012-03-30-17-28-12-2de98d6cd822cddf4f0630c890216c0d.html
[2012-03-30 17-28-33] MemberAccessException: Call to undefined method Model::setPlayersToArrangement(). in D:\stranky\!__NETTE\nette\libs\Nette\common\ObjectMixin.php:70  @  http://cd.localhost/arrangement/ajax  @@  exception-2012-03-30-17-28-33-0683443098cc55561b8f324ba6d1ee04.html
[2012-03-30 17-29-00] MemberAccessException: Call to undefined method Model::setPlayersToArrangement(). in D:\stranky\!__NETTE\nette\libs\Nette\common\ObjectMixin.php:70  @  http://cd.localhost/arrangement/ajax  @@  exception-2012-03-30-17-29-00-89a47ec691da63e0a83253ebf6afff61.html
[2012-03-30 17-29-27] MemberAccessException: Call to undefined method Model::setPlayersToArrangement(). in D:\stranky\!__NETTE\nette\libs\Nette\common\ObjectMixin.php:70  @  http://cd.localhost/arrangement/ajax  @@  exception-2012-03-30-17-29-27-9aa4b3ad695c153c4586cf90f6858cef.html
[2012-03-30 17-30-02] MemberAccessException: Call to undefined method Model::setPlayersToArrangement(). in D:\stranky\!__NETTE\nette\libs\Nette\common\ObjectMixin.php:70  @  http://cd.localhost/arrangement/ajax  @@  exception-2012-03-30-17-30-02-7e187cb9ed2a3ee781476cd37e3dbc30.html
[2012-03-30 17-30-11] MemberAccessException: Call to undefined method Model::setPlayersToArrangement(). in D:\stranky\!__NETTE\nette\libs\Nette\common\ObjectMixin.php:70  @  http://cd.localhost/arrangement/ajax  @@  exception-2012-03-30-17-30-11-e0c0841640d27e6ab25de6db8326c63f.html
[2012-03-30 17-30-17] MemberAccessException: Call to undefined method Model::setPlayersToArrangement(). in D:\stranky\!__NETTE\nette\libs\Nette\common\ObjectMixin.php:70  @  http://cd.localhost/arrangement/ajax  @@  exception-2012-03-30-17-30-17-ff168eefd287773b794b9f1fe78a5b9c.html
[2012-03-30 17-30-59] DibiDriverException: Duplicate entry '56' for key 'id_arrangement' in D:\stranky\!__NETTE\nette\libs\dibi\drivers\mysql.php:167  @  http://cd.localhost/arrangement/ajax  @@  exception-2012-03-30-17-30-59-eace7a7b673241699c34b00597caad9a.html
[2012-03-30 17-32-32] DibiDriverException: Duplicate entry '58' for key 'id_arrangement' in D:\stranky\!__NETTE\nette\libs\dibi\drivers\mysql.php:167  @  http://cd.localhost/arrangement/ajax  @@  exception-2012-03-30-17-32-32-6f9677566262cf6755bb99f30b205e24.html
[2012-03-30 17-46-46] DibiDriverException: Duplicate entry '59' for key 'id_arrangement' in D:\stranky\!__NETTE\nette\libs\dibi\drivers\mysql.php:167  @  http://cd.localhost/arrangement/ajax  @@  exception-2012-03-30-17-46-46-ed7867d7110ab02dbb7b7cd98051459a.html
[2012-03-31 11-53-17] DibiDriverException: Duplicate entry '60' for key 'id_arrangement' in D:\stranky\!__NETTE\nette\libs\dibi\drivers\mysql.php:167  @  http://cd.localhost/arrangement/ajax  @@  exception-2012-03-31-11-53-17-f93ef93a719e6517a09dd7ca28c0452c.html
[2012-03-31 11-53-25] DibiDriverException: Duplicate entry '61' for key 'id_arrangement' in D:\stranky\!__NETTE\nette\libs\dibi\drivers\mysql.php:167  @  http://cd.localhost/arrangement/ajax  @@  exception-2012-03-31-11-53-25-53050f42a075a654c8f2702773cf984a.html
[2012-03-31 11-55-11] DibiDriverException: Duplicate entry '62' for key 'id_arrangement' in D:\stranky\!__NETTE\nette\libs\dibi\drivers\mysql.php:167  @  http://cd.localhost/arrangement/ajax  @@  exception-2012-03-31-11-55-11-bfede2ee956feb30058574b1342d24a5.html
[2012-03-31 12-03-08] DibiDriverException: Duplicate entry '1' for key 'id_arrangement' in D:\stranky\!__NETTE\nette\libs\dibi\drivers\mysql.php:167  @  http://cd.localhost/arrangement/ajax  @@  exception-2012-03-31-12-03-08-e53111435de881447276587718ccfd75.html
[2012-03-31 12-09-40] DibiDriverException: Column 'id_player' cannot be null in D:\stranky\!__NETTE\nette\libs\dibi\drivers\mysql.php:167  @  http://cd.localhost/arrangement/ajax  @@  exception-2012-03-31-12-09-40-e333ae394a144f8cd38526fe9229612a.html
[2012-03-31 14-06-55] NBadRequestException: No route for HTTP request. in D:\stranky\!__NETTE\nette\libs\Nette\Application\Application.php:105  @  http://cd.localhost/arrangement/last_arrangement  @@  exception-2012-03-18-09-28-10-7a733cddca6db4f8d9f01cac65f53e0a.html
[2012-03-31 14-07-42] NBadRequestException: No route for HTTP request. in D:\stranky\!__NETTE\nette\libs\Nette\Application\Application.php:105  @  http://cd.localhost/arrangement/last_arrangement  @@  exception-2012-03-18-09-28-10-7a733cddca6db4f8d9f01cac65f53e0a.html
[2012-03-31 14-37-44] Fatal error: Undefined property: Player::$whole_name in D:\stranky\!__NETTE\nette\app\models\PlayerModel.php:19  @  http://cd.localhost/arrangement/lastarrangement  @@  exception-2012-03-31-14-37-44-88764025c425719a43e4318db14fe449.html
[2012-03-31 14-39-10] Fatal error: parse error, expecting `','' or `';'' in D:\stranky\!__NETTE\nette\app\models\Model.php:10  @  http://cd.localhost/arrangement/lastarrangement  @@  exception-2012-03-31-14-39-10-501d3e3aba580e0871ed7187d848e3f3.html
[2012-03-31 14-39-31] Fatal error: Undefined variable: player_columns in D:\stranky\!__NETTE\nette\app\models\Model.php:116  @  http://cd.localhost/arrangement/lastarrangement  @@  exception-2012-03-31-14-39-31-e385aeaf89d25fa2943ad99ab35e5fb9.html
[2012-03-31 14-43-50] InvalidArgumentException: Unknown column 'position' in associative descriptor. in D:\stranky\!__NETTE\nette\libs\dibi\libs\DibiResult.php:297  @  http://cd.localhost/arrangement/lastarrangement  @@  exception-2012-03-31-14-43-49-696ea9c5dbc958ca95d2be3a7dff0495.html
[2012-04-01 13-37-46] Exception: Musí být zadáno 7 hráčů s čísly. in D:\stranky\!__NETTE\nette\app\presenters\ArrangementPresenter.php:28  @  http://cd.localhost/arrangement/ajax  @@  exception-2012-04-01-13-37-46-9f0d7372f6e996f6011aaf4a45eff8f9.html
[2012-04-01 13-39-03] Exception: Musí být zadáno 7 hráčů s čísly. in D:\stranky\!__NETTE\nette\app\presenters\ArrangementPresenter.php:28  @  http://cd.localhost/arrangement/ajax  @@  exception-2012-04-01-13-37-46-9f0d7372f6e996f6011aaf4a45eff8f9.html
[2012-04-01 13-40-43] Exception: Musí být zadáno 7 hráčů s čísly. in D:\stranky\!__NETTE\nette\app\presenters\ArrangementPresenter.php:28  @  http://cd.localhost/arrangement/ajax  @@  exception-2012-04-01-13-37-46-9f0d7372f6e996f6011aaf4a45eff8f9.html
[2012-04-01 13-41-17] Exception: Musí být zadáno 7 hráčů s čísly. in D:\stranky\!__NETTE\nette\app\presenters\ArrangementPresenter.php:28  @  http://cd.localhost/arrangement/ajax  @@  exception-2012-04-01-13-37-46-9f0d7372f6e996f6011aaf4a45eff8f9.html
[2012-04-01 13-42-58] Exception: Musí být zadáno 7 hráčů s čísly. in D:\stranky\!__NETTE\nette\app\presenters\ArrangementPresenter.php:28  @  http://cd.localhost/arrangement/ajax  @@  exception-2012-04-01-13-37-46-9f0d7372f6e996f6011aaf4a45eff8f9.html
[2012-04-01 13-44-22] Exception: Musí být zadáno 7 hráčů s čísly. in D:\stranky\!__NETTE\nette\app\presenters\ArrangementPresenter.php:28  @  http://cd.localhost/arrangement/ajax  @@  exception-2012-04-01-13-37-46-9f0d7372f6e996f6011aaf4a45eff8f9.html
[2012-04-28 08-07-39] Exception: Čísla hráčů jsou duplicitní. in D:\stranky\!__NETTE\nette\app\presenters\ArrangementPresenter.php:28  @  http://cd.localhost/arrangement/ajax  @@  exception-2012-04-28-08-07-39-acba35509c008f1a69ae574a6dc38cd8.html
[2012-04-28 08-10-37] Exception: Některá z čísel hráčů nejsou vyplněna. in D:\stranky\!__NETTE\nette\app\presenters\ArrangementPresenter.php:28  @  http://cd.localhost/arrangement/ajax  @@  exception-2012-04-28-08-10-37-61e0df36d7e0ceb8ac53549b5a06a520.html
[2012-04-28 08-10-40] Exception: Některá z čísel hráčů nejsou vyplněna. in D:\stranky\!__NETTE\nette\app\presenters\ArrangementPresenter.php:28  @  http://cd.localhost/arrangement/ajax  @@  exception-2012-04-28-08-10-37-61e0df36d7e0ceb8ac53549b5a06a520.html
[2012-04-28 08-10-46] Exception: Musí být zadáno 7 hráčů s čísly. in D:\stranky\!__NETTE\nette\app\presenters\ArrangementPresenter.php:28  @  http://cd.localhost/arrangement/ajax  @@  exception-2012-04-01-13-37-46-9f0d7372f6e996f6011aaf4a45eff8f9.html
[2012-04-28 08-11-03] Exception: Musí být zadáno 7 hráčů s čísly. in D:\stranky\!__NETTE\nette\app\presenters\ArrangementPresenter.php:28  @  http://cd.localhost/arrangement/ajax  @@  exception-2012-04-01-13-37-46-9f0d7372f6e996f6011aaf4a45eff8f9.html
[2012-04-28 08-11-04] Exception: Musí být zadáno 7 hráčů s čísly. in D:\stranky\!__NETTE\nette\app\presenters\ArrangementPresenter.php:28  @  http://cd.localhost/arrangement/ajax  @@  exception-2012-04-01-13-37-46-9f0d7372f6e996f6011aaf4a45eff8f9.html
[2012-04-28 08-11-05] Exception: Musí být zadáno 7 hráčů s čísly. in D:\stranky\!__NETTE\nette\app\presenters\ArrangementPresenter.php:28  @  http://cd.localhost/arrangement/ajax  @@  exception-2012-04-01-13-37-46-9f0d7372f6e996f6011aaf4a45eff8f9.html
[2012-04-28 08-11-06] Exception: Musí být zadáno 7 hráčů s čísly. in D:\stranky\!__NETTE\nette\app\presenters\ArrangementPresenter.php:28  @  http://cd.localhost/arrangement/ajax  @@  exception-2012-04-01-13-37-46-9f0d7372f6e996f6011aaf4a45eff8f9.html
[2012-04-28 08-11-06] Exception: Musí být zadáno 7 hráčů s čísly. in D:\stranky\!__NETTE\nette\app\presenters\ArrangementPresenter.php:28  @  http://cd.localhost/arrangement/ajax  @@  exception-2012-04-01-13-37-46-9f0d7372f6e996f6011aaf4a45eff8f9.html
[2012-04-28 08-11-06] Exception: Musí být zadáno 7 hráčů s čísly. in D:\stranky\!__NETTE\nette\app\presenters\ArrangementPresenter.php:28  @  http://cd.localhost/arrangement/ajax  @@  exception-2012-04-01-13-37-46-9f0d7372f6e996f6011aaf4a45eff8f9.html
[2012-04-28 08-11-06] Exception: Musí být zadáno 7 hráčů s čísly. in D:\stranky\!__NETTE\nette\app\presenters\ArrangementPresenter.php:28  @  http://cd.localhost/arrangement/ajax  @@  exception-2012-04-01-13-37-46-9f0d7372f6e996f6011aaf4a45eff8f9.html
[2012-04-28 08-11-06] Exception: Musí být zadáno 7 hráčů s čísly. in D:\stranky\!__NETTE\nette\app\presenters\ArrangementPresenter.php:28  @  http://cd.localhost/arrangement/ajax  @@  exception-2012-04-01-13-37-46-9f0d7372f6e996f6011aaf4a45eff8f9.html
[2012-04-28 08-11-06] Exception: Musí být zadáno 7 hráčů s čísly. in D:\stranky\!__NETTE\nette\app\presenters\ArrangementPresenter.php:28  @  http://cd.localhost/arrangement/ajax  @@  exception-2012-04-01-13-37-46-9f0d7372f6e996f6011aaf4a45eff8f9.html
[2012-04-28 08-11-46] Exception: Musí být zadáno 7 hráčů s čísly. in D:\stranky\!__NETTE\nette\app\presenters\ArrangementPresenter.php:28  @  http://cd.localhost/arrangement/ajax  @@  exception-2012-04-01-13-37-46-9f0d7372f6e996f6011aaf4a45eff8f9.html
[2012-04-28 08-11-48] Exception: Musí být zadáno 7 hráčů s čísly. in D:\stranky\!__NETTE\nette\app\presenters\ArrangementPresenter.php:28  @  http://cd.localhost/arrangement/ajax  @@  exception-2012-04-01-13-37-46-9f0d7372f6e996f6011aaf4a45eff8f9.html
[2012-04-28 08-11-49] Exception: Musí být zadáno 7 hráčů s čísly. in D:\stranky\!__NETTE\nette\app\presenters\ArrangementPresenter.php:28  @  http://cd.localhost/arrangement/ajax  @@  exception-2012-04-01-13-37-46-9f0d7372f6e996f6011aaf4a45eff8f9.html
[2012-04-28 08-11-49] Exception: Musí být zadáno 7 hráčů s čísly. in D:\stranky\!__NETTE\nette\app\presenters\ArrangementPresenter.php:28  @  http://cd.localhost/arrangement/ajax  @@  exception-2012-04-01-13-37-46-9f0d7372f6e996f6011aaf4a45eff8f9.html
[2012-04-28 08-11-54] Exception: Musí být zadáno 7 hráčů s čísly. in D:\stranky\!__NETTE\nette\app\presenters\ArrangementPresenter.php:28  @  http://cd.localhost/arrangement/ajax  @@  exception-2012-04-01-13-37-46-9f0d7372f6e996f6011aaf4a45eff8f9.html
[2012-04-29 08-58-08] NBadRequestException: Page not found. Missing template '…\stranky\!__NETTE\nette\app\templates\Arrangement\clickadded.latte'. in D:\stranky\!__NETTE\nette\libs\Nette\Application\UI\Presenter.php:701  @  http://cd.localhost/arrangement/clickadded  @@  exception-2012-04-29-08-58-08-b74b3cdaca4e1d1cffbfde8ad7bff308.html
[2012-04-29 08-58-18] NBadRequestException: Page not found. Missing template '…\stranky\!__NETTE\nette\app\templates\Arrangement\clickadded.latte'. in D:\stranky\!__NETTE\nette\libs\Nette\Application\UI\Presenter.php:701  @  http://cd.localhost/arrangement/clickadded  @@  exception-2012-04-29-08-58-08-b74b3cdaca4e1d1cffbfde8ad7bff308.html
[2012-04-29 08-58-29] NBadRequestException: Page not found. Missing template '…\stranky\!__NETTE\nette\app\templates\Arrangement\clickadded.latte'. in D:\stranky\!__NETTE\nette\libs\Nette\Application\UI\Presenter.php:701  @  http://cd.localhost/arrangement/clickadded  @@  exception-2012-04-29-08-58-08-b74b3cdaca4e1d1cffbfde8ad7bff308.html
[2012-04-29 08-59-34] NBadRequestException: Page not found. Missing template '…\stranky\!__NETTE\nette\app\templates\Arrangement\clickadded.latte'. in D:\stranky\!__NETTE\nette\libs\Nette\Application\UI\Presenter.php:701  @  http://cd.localhost/arrangement/clickadded  @@  exception-2012-04-29-08-58-08-b74b3cdaca4e1d1cffbfde8ad7bff308.html
[2012-04-29 09-00-35] NBadRequestException: Page not found. Missing template '…\stranky\!__NETTE\nette\app\templates\Arrangement\clickadded.latte'. in D:\stranky\!__NETTE\nette\libs\Nette\Application\UI\Presenter.php:701  @  http://cd.localhost/arrangement/clickadded  @@  exception-2012-04-29-08-58-08-b74b3cdaca4e1d1cffbfde8ad7bff308.html
[2012-04-29 09-01-16] NBadRequestException: Page not found. Missing template '…\stranky\!__NETTE\nette\app\templates\Arrangement\clickadded.latte'. in D:\stranky\!__NETTE\nette\libs\Nette\Application\UI\Presenter.php:701  @  http://cd.localhost/arrangement/clickadded  @@  exception-2012-04-29-08-58-08-b74b3cdaca4e1d1cffbfde8ad7bff308.html
[2012-04-29 09-02-08] NBadRequestException: Page not found. Missing template '…\stranky\!__NETTE\nette\app\templates\Arrangement\clickadded.latte'. in D:\stranky\!__NETTE\nette\libs\Nette\Application\UI\Presenter.php:701  @  http://cd.localhost/arrangement/clickadded  @@  exception-2012-04-29-08-58-08-b74b3cdaca4e1d1cffbfde8ad7bff308.html
[2012-04-29 09-04-11] NBadRequestException: Page not found. Missing template '…\stranky\!__NETTE\nette\app\templates\Arrangement\clickadded.latte'. in D:\stranky\!__NETTE\nette\libs\Nette\Application\UI\Presenter.php:701  @  http://cd.localhost/arrangement/clickadded  @@  exception-2012-04-29-08-58-08-b74b3cdaca4e1d1cffbfde8ad7bff308.html
[2012-04-29 09-04-40] NBadRequestException: Page not found. Missing template '…\stranky\!__NETTE\nette\app\templates\Arrangement\clickadded.latte'. in D:\stranky\!__NETTE\nette\libs\Nette\Application\UI\Presenter.php:701  @  http://cd.localhost/arrangement/clickadded  @@  exception-2012-04-29-08-58-08-b74b3cdaca4e1d1cffbfde8ad7bff308.html
[2012-04-29 09-05-47] NBadRequestException: Page not found. Missing template '…\stranky\!__NETTE\nette\app\templates\Arrangement\clickadded.latte'. in D:\stranky\!__NETTE\nette\libs\Nette\Application\UI\Presenter.php:701  @  http://cd.localhost/arrangement/clickadded  @@  exception-2012-04-29-08-58-08-b74b3cdaca4e1d1cffbfde8ad7bff308.html
[2012-04-29 09-05-57] NBadRequestException: Page not found. Missing template '…\stranky\!__NETTE\nette\app\templates\Arrangement\clickadded.latte'. in D:\stranky\!__NETTE\nette\libs\Nette\Application\UI\Presenter.php:701  @  http://cd.localhost/arrangement/clickadded  @@  exception-2012-04-29-08-58-08-b74b3cdaca4e1d1cffbfde8ad7bff308.html
[2012-04-29 09-06-11] NBadRequestException: Page not found. Missing template '…\stranky\!__NETTE\nette\app\templates\Arrangement\clickadded.latte'. in D:\stranky\!__NETTE\nette\libs\Nette\Application\UI\Presenter.php:701  @  http://cd.localhost/arrangement/clickadded  @@  exception-2012-04-29-08-58-08-b74b3cdaca4e1d1cffbfde8ad7bff308.html
[2012-04-29 09-06-33] NBadRequestException: Page not found. Missing template '…\stranky\!__NETTE\nette\app\templates\Arrangement\clickadded.latte'. in D:\stranky\!__NETTE\nette\libs\Nette\Application\UI\Presenter.php:701  @  http://cd.localhost/arrangement/clickadded  @@  exception-2012-04-29-08-58-08-b74b3cdaca4e1d1cffbfde8ad7bff308.html
[2012-04-29 09-06-47] NBadRequestException: Page not found. Missing template '…\stranky\!__NETTE\nette\app\templates\Arrangement\clickadded.latte'. in D:\stranky\!__NETTE\nette\libs\Nette\Application\UI\Presenter.php:701  @  http://cd.localhost/arrangement/clickadded  @@  exception-2012-04-29-08-58-08-b74b3cdaca4e1d1cffbfde8ad7bff308.html
[2012-07-21 16-21-52] Fatal error: Undefined index:  players in D:\stranky\!__NETTE\nette\app\presenters\ArrangementPresenter.php:32  @  http://cd.localhost/arrangement/clickadded  @@  exception-2012-07-21-16-21-52-80e3f1eb4b910ed529c0ca18bf97f8ae.html
[2012-07-21 16-33-59] DibiDriverException: Unknown column 'player48' in 'field list' in D:\stranky\!__NETTE\nette\libs\dibi\drivers\mysql.php:167  @  http://cd.localhost/arrangement/ajax  @@  exception-2012-07-21-16-33-59-4365b26e7cdb81f781a69d382c1172b0.html
[2012-07-21 16-34-01] DibiDriverException: Unknown column 'player48' in 'field list' in D:\stranky\!__NETTE\nette\libs\dibi\drivers\mysql.php:167  @  http://cd.localhost/arrangement/ajax  @@  exception-2012-07-21-16-34-01-59c0908335ccf6daf4460d0000fc44de.html
[2012-07-21 16-34-01] DibiDriverException: Unknown column 'player48' in 'field list' in D:\stranky\!__NETTE\nette\libs\dibi\drivers\mysql.php:167  @  http://cd.localhost/arrangement/ajax  @@  exception-2012-07-21-16-34-01-821398b327dff4d15b8a586a860dccc1.html
[2012-07-21 16-34-01] DibiDriverException: Unknown column 'player48' in 'field list' in D:\stranky\!__NETTE\nette\libs\dibi\drivers\mysql.php:167  @  http://cd.localhost/arrangement/ajax  @@  exception-2012-07-21-16-34-01-74b1db0d19c835d8b3c0dd230f1275af.html
[2012-07-21 16-34-02] DibiDriverException: Unknown column 'player48' in 'field list' in D:\stranky\!__NETTE\nette\libs\dibi\drivers\mysql.php:167  @  http://cd.localhost/arrangement/ajax  @@  exception-2012-07-21-16-34-02-69ff9740f34c20185ac066afb1a8e7eb.html
[2012-07-21 16-34-02] DibiDriverException: Unknown column 'player48' in 'field list' in D:\stranky\!__NETTE\nette\libs\dibi\drivers\mysql.php:167  @  http://cd.localhost/arrangement/ajax  @@  exception-2012-07-21-16-34-02-c34ce785d1fc5908f5e43a645cdb2c2f.html
[2012-09-19 18-45-16] DibiDriverException: Unknown column 'playerplayer48' in 'field list' in D:\stranky\!__NETTE\nette\libs\dibi\drivers\mysql.php:167  @  http://cd.localhost/arrangement/ajax  @@  exception-2012-09-19-18-45-16-43152af9c796cad383ac7697e6d1c3d2.html
[2012-09-19 18-45-22] DibiDriverException: Unknown column 'playerplayer48' in 'field list' in D:\stranky\!__NETTE\nette\libs\dibi\drivers\mysql.php:167  @  http://cd.localhost/arrangement/ajax  @@  exception-2012-09-19-18-45-22-e5c2a31c13b3da77f647553015fe38c1.html
[2012-09-21 08-17-14] NBadRequestException: Page not found. Missing template '…\stranky\!__NETTE\nette\app\templates\Homepage\ajax.latte'. in D:\stranky\!__NETTE\nette\libs\Nette\Application\UI\Presenter.php:701  @  http://cd.localhost/homepage/ajax  @@  exception-2012-09-21-08-17-14-52b44755e29836fd82def0dab0ab0385.html
[2012-09-21 08-17-45] NBadRequestException: Page not found. Missing template '…\stranky\!__NETTE\nette\app\templates\Homepage\ajax.latte'. in D:\stranky\!__NETTE\nette\libs\Nette\Application\UI\Presenter.php:701  @  http://cd.localhost/homepage/ajax  @@  exception-2012-09-21-08-17-14-52b44755e29836fd82def0dab0ab0385.html
[2012-09-21 08-18-19] NBadRequestException: Page not found. Missing template '…\stranky\!__NETTE\nette\app\templates\Homepage\ajax.latte'. in D:\stranky\!__NETTE\nette\libs\Nette\Application\UI\Presenter.php:701  @  http://cd.localhost/homepage/ajax  @@  exception-2012-09-21-08-17-14-52b44755e29836fd82def0dab0ab0385.html
[2012-09-21 08-18-37] NBadRequestException: Page not found. Missing template '…\stranky\!__NETTE\nette\app\templates\Homepage\ajax.latte'. in D:\stranky\!__NETTE\nette\libs\Nette\Application\UI\Presenter.php:701  @  http://cd.localhost/homepage/ajax  @@  exception-2012-09-21-08-17-14-52b44755e29836fd82def0dab0ab0385.html
[2012-09-21 08-19-51] NBadRequestException: Page not found. Missing template '…\stranky\!__NETTE\nette\app\templates\Homepage\ajax.latte'. in D:\stranky\!__NETTE\nette\libs\Nette\Application\UI\Presenter.php:701  @  http://cd.localhost/homepage/ajax  @@  exception-2012-09-21-08-17-14-52b44755e29836fd82def0dab0ab0385.html
[2012-09-21 08-22-48] NBadRequestException: Page not found. Missing template '…\stranky\!__NETTE\nette\app\templates\Homepage\ajax.latte'. in D:\stranky\!__NETTE\nette\libs\Nette\Application\UI\Presenter.php:701  @  http://cd.localhost/homepage/ajax  @@  exception-2012-09-21-08-17-14-52b44755e29836fd82def0dab0ab0385.html
[2012-09-21 08-24-54] NBadRequestException: Page not found. Missing template '…\stranky\!__NETTE\nette\app\templates\Homepage\ajax.latte'. in D:\stranky\!__NETTE\nette\libs\Nette\Application\UI\Presenter.php:701  @  http://cd.localhost/homepage/ajax  @@  exception-2012-09-21-08-17-14-52b44755e29836fd82def0dab0ab0385.html
[2012-09-21 08-25-42] NBadRequestException: Page not found. Missing template '…\stranky\!__NETTE\nette\app\templates\Homepage\ajax.latte'. in D:\stranky\!__NETTE\nette\libs\Nette\Application\UI\Presenter.php:701  @  http://cd.localhost/homepage/ajax  @@  exception-2012-09-21-08-17-14-52b44755e29836fd82def0dab0ab0385.html
[2012-09-21 08-25-45] NBadRequestException: Page not found. Missing template '…\stranky\!__NETTE\nette\app\templates\Homepage\ajax.latte'. in D:\stranky\!__NETTE\nette\libs\Nette\Application\UI\Presenter.php:701  @  http://cd.localhost/homepage/ajax  @@  exception-2012-09-21-08-17-14-52b44755e29836fd82def0dab0ab0385.html
[2012-09-21 08-25-49] NBadRequestException: Page not found. Missing template '…\stranky\!__NETTE\nette\app\templates\Homepage\ajax.latte'. in D:\stranky\!__NETTE\nette\libs\Nette\Application\UI\Presenter.php:701  @  http://cd.localhost/homepage/ajax  @@  exception-2012-09-21-08-17-14-52b44755e29836fd82def0dab0ab0385.html
[2012-09-21 08-30-11] NBadRequestException: Page not found. Missing template '…\stranky\!__NETTE\nette\app\templates\Homepage\ajax.latte'. in D:\stranky\!__NETTE\nette\libs\Nette\Application\UI\Presenter.php:701  @  http://cd.localhost/homepage/ajax  @@  exception-2012-09-21-08-17-14-52b44755e29836fd82def0dab0ab0385.html
[2012-09-21 08-30-14] NBadRequestException: Page not found. Missing template '…\stranky\!__NETTE\nette\app\templates\Homepage\ajax.latte'. in D:\stranky\!__NETTE\nette\libs\Nette\Application\UI\Presenter.php:701  @  http://cd.localhost/homepage/ajax  @@  exception-2012-09-21-08-17-14-52b44755e29836fd82def0dab0ab0385.html
[2012-09-21 08-34-51] NBadRequestException: Page not found. Missing template '…\stranky\!__NETTE\nette\app\templates\Homepage\ajax.latte'. in D:\stranky\!__NETTE\nette\libs\Nette\Application\UI\Presenter.php:701  @  http://cd.localhost/homepage/ajax  @@  exception-2012-09-21-08-17-14-52b44755e29836fd82def0dab0ab0385.html
[2012-09-21 08-38-41] NBadRequestException: Page not found. Missing template '…\stranky\!__NETTE\nette\app\templates\Homepage\ajax.latte'. in D:\stranky\!__NETTE\nette\libs\Nette\Application\UI\Presenter.php:701  @  http://cd.localhost/homepage/ajax  @@  exception-2012-09-21-08-17-14-52b44755e29836fd82def0dab0ab0385.html
[2012-09-21 08-39-52] NBadRequestException: Page not found. Missing template '…\stranky\!__NETTE\nette\app\templates\Homepage\ajax.latte'. in D:\stranky\!__NETTE\nette\libs\Nette\Application\UI\Presenter.php:701  @  http://cd.localhost/homepage/ajax  @@  exception-2012-09-21-08-17-14-52b44755e29836fd82def0dab0ab0385.html
[2012-09-21 08-40-00] NBadRequestException: Page not found. Missing template '…\stranky\!__NETTE\nette\app\templates\Homepage\ajax.latte'. in D:\stranky\!__NETTE\nette\libs\Nette\Application\UI\Presenter.php:701  @  http://cd.localhost/homepage/ajax  @@  exception-2012-09-21-08-17-14-52b44755e29836fd82def0dab0ab0385.html
[2012-09-21 08-40-06] NBadRequestException: Page not found. Missing template '…\stranky\!__NETTE\nette\app\templates\Homepage\ajax.latte'. in D:\stranky\!__NETTE\nette\libs\Nette\Application\UI\Presenter.php:701  @  http://cd.localhost/homepage/ajax  @@  exception-2012-09-21-08-17-14-52b44755e29836fd82def0dab0ab0385.html
[2012-09-21 08-40-40] NBadRequestException: Page not found. Missing template '…\stranky\!__NETTE\nette\app\templates\Homepage\ajax.latte'. in D:\stranky\!__NETTE\nette\libs\Nette\Application\UI\Presenter.php:701  @  http://cd.localhost/homepage/ajax  @@  exception-2012-09-21-08-17-14-52b44755e29836fd82def0dab0ab0385.html
[2012-09-21 08-40-53] NBadRequestException: Page not found. Missing template '…\stranky\!__NETTE\nette\app\templates\Homepage\ajax.latte'. in D:\stranky\!__NETTE\nette\libs\Nette\Application\UI\Presenter.php:701  @  http://cd.localhost/homepage/ajax  @@  exception-2012-09-21-08-17-14-52b44755e29836fd82def0dab0ab0385.html
[2012-09-21 08-41-42] NBadRequestException: Page not found. Missing template '…\stranky\!__NETTE\nette\app\templates\Homepage\ajax.latte'. in D:\stranky\!__NETTE\nette\libs\Nette\Application\UI\Presenter.php:701  @  http://cd.localhost/homepage/ajax  @@  exception-2012-09-21-08-17-14-52b44755e29836fd82def0dab0ab0385.html
[2012-09-22 09-33-51] NBadRequestException: Page not found. Missing template '…\stranky\!__NETTE\nette\app\templates\ClubSelect\livesearch.latte'. in D:\stranky\!__NETTE\nette\libs\Nette\Application\UI\Presenter.php:701  @  http://cd.localhost/vyber-soupere/livesearch?whichData=pozdrav&typedText=aho  @@  exception-2012-09-22-09-33-51-7eedb955809162f9495d52fbd736bc8f.html
[2012-09-22 09-34-22] NBadRequestException: Page not found. Missing template '…\stranky\!__NETTE\nette\app\templates\Livesearch\default.latte'. in D:\stranky\!__NETTE\nette\libs\Nette\Application\UI\Presenter.php:701  @  http://cd.localhost/livesearch?whichData=pozdrav&typedText=aho  @@  exception-2012-09-22-09-34-22-9e5a31a2d0697b05bf4588dcca75f80f.html
[2012-09-22 09-35-24] Fatal error: Class 'JsonResponse' not found in D:\stranky\!__NETTE\nette\app\presenters\LivesearchPresenter.php:14  @  http://cd.localhost/livesearch?whichData=pozdrav&typedText=aho  @@  exception-2012-09-22-09-35-24-7f8f43620350131b23bc143b42be39be.html
[2012-09-22 09-36-55] Fatal error: Argument 1 passed to NPresenter::sendResponse() must be an instance of IPresenterResponse, string given, called in D:\stranky\!__NETTE\nette\app\presenters\LivesearchPresenter.php on line 14 and defined in D:\stranky\!__NETTE\nette\libs\Nette\Application\UI\Presenter.php:615  @  http://cd.localhost/livesearch?whichData=pozdrav&typedText=aho  @@  exception-2012-09-22-09-36-55-9d86a2dbf40fa25e2334617206f9fe18.html
[2012-09-22 09-39-03] NBadRequestException: No route for HTTP request. in D:\stranky\!__NETTE\nette\libs\Nette\Application\Application.php:105  @  http://cd.localhost/vyber-soupere/%7B!Livesearch%7D?whichData=pozdrav&typedText=aho  @@  exception-2012-09-22-09-39-03-c126b0e8175a5939a7a918391520ee3b.html
[2012-09-22 09-39-24] Fatal error: Class 'JsonResponse' not found in D:\stranky\!__NETTE\nette\app\presenters\LivesearchPresenter.php:14  @  http://cd.localhost/livesearch?whichData=pozdrav&typedText=livesea  @@  exception-2012-09-22-09-35-24-7f8f43620350131b23bc143b42be39be.html
[2012-09-22 09-39-24] Fatal error: Class 'JsonResponse' not found in D:\stranky\!__NETTE\nette\app\presenters\LivesearchPresenter.php:14  @  http://cd.localhost/livesearch?whichData=pozdrav&typedText=livesear  @@  exception-2012-09-22-09-35-24-7f8f43620350131b23bc143b42be39be.html
[2012-09-22 09-39-25] Fatal error: Class 'JsonResponse' not found in D:\stranky\!__NETTE\nette\app\presenters\LivesearchPresenter.php:14  @  http://cd.localhost/livesearch?whichData=pozdrav&typedText=livesearc  @@  exception-2012-09-22-09-35-24-7f8f43620350131b23bc143b42be39be.html
[2012-09-22 09-39-26] Fatal error: Class 'JsonResponse' not found in D:\stranky\!__NETTE\nette\app\presenters\LivesearchPresenter.php:14  @  http://cd.localhost/livesearch?whichData=pozdrav&typedText=livesearch  @@  exception-2012-09-22-09-35-24-7f8f43620350131b23bc143b42be39be.html
[2012-09-22 09-39-30] Fatal error: Class 'JsonResponse' not found in D:\stranky\!__NETTE\nette\app\presenters\LivesearchPresenter.php:14  @  http://cd.localhost/livesearch?whichData=pozdrav&typedText=ahoj  @@  exception-2012-09-22-09-35-24-7f8f43620350131b23bc143b42be39be.html
[2012-09-22 10-22-12] NBadRequestException: Page not found. Missing template '…\stranky\!__NETTE\nette\app\templates\Livesearch\default.latte'. in D:\stranky\!__NETTE\nette\libs\Nette\Application\UI\Presenter.php:701  @  http://cd.localhost/livesearch?whichData=tymy&typedText=moh  @@  exception-2012-09-22-09-34-22-9e5a31a2d0697b05bf4588dcca75f80f.html
[2012-09-22 10-23-13] NBadRequestException: Page not found. Missing template '…\stranky\!__NETTE\nette\app\templates\Livesearch\default.latte'. in D:\stranky\!__NETTE\nette\libs\Nette\Application\UI\Presenter.php:701  @  http://cd.localhost/livesearch?whichData=tymy&typedText=moh  @@  exception-2012-09-22-09-34-22-9e5a31a2d0697b05bf4588dcca75f80f.html
[2012-09-22 12-08-55] Fatal error: Undefined variable: unset in D:\stranky\!__NETTE\nette\app\models\TeamModel.php:12  @  http://cd.localhost/livesearch?table=tymy&searched_phrase=b%C5%99ez  @@  exception-2012-09-22-12-08-55-6bfef7f02d950106add0e397b3960e97.html
[2012-09-22 12-08-56] Fatal error: Undefined variable: unset in D:\stranky\!__NETTE\nette\app\models\TeamModel.php:12  @  http://cd.localhost/livesearch?table=tymy&searched_phrase=b%C5%99ez  @@  exception-2012-09-22-12-08-55-6bfef7f02d950106add0e397b3960e97.html
[2012-09-22 12-09-03] Fatal error: Undefined variable: unset in D:\stranky\!__NETTE\nette\app\models\TeamModel.php:12  @  http://cd.localhost/livesearch?table=tymy&searched_phrase=b%C5%99ezn  @@  exception-2012-09-22-12-09-03-33071fb562bf5d60f4dc8d2db63c894f.html
[2012-09-22 12-09-04] Fatal error: Undefined variable: unset in D:\stranky\!__NETTE\nette\app\models\TeamModel.php:12  @  http://cd.localhost/livesearch?table=tymy&searched_phrase=b%C5%99e  @@  exception-2012-09-22-12-09-04-835792aecc861d07dd04580099cd0c64.html
[2012-09-22 12-27-08] Fatal error: Call to undefined method Team::getImgPattern() in D:\stranky\!__NETTE\nette\app\models\TeamModel.php:28  @  http://cd.localhost/livesearch?table=tymy&searched_phrase=b%C5%99e  @@  exception-2012-09-22-12-27-08-179ef63a6434f11a4395b9de2df6303d.html
[2012-09-22 18-58-21] Fatal error: Missing argument 1 for Team::setGraphicLabel(), called in D:\stranky\!__NETTE\nette\app\models\TeamModel.php on line 17 and defined in D:\stranky\!__NETTE\nette\app\models\TeamModel.php:43  @  http://cd.localhost/livesearch?table=tymy&searched_phrase=har  @@  exception-2012-09-22-18-58-21-175346a9d435a1e5735c98e8f59eb40b.html
[2012-09-22 18-58-23] Fatal error: Missing argument 1 for Team::setGraphicLabel(), called in D:\stranky\!__NETTE\nette\app\models\TeamModel.php on line 17 and defined in D:\stranky\!__NETTE\nette\app\models\TeamModel.php:43  @  http://cd.localhost/livesearch?table=tymy&searched_phrase=har  @@  exception-2012-09-22-18-58-21-175346a9d435a1e5735c98e8f59eb40b.html
[2012-09-22 19-06-58] Fatal error: Undefined property: Team::$badge_big in D:\stranky\!__NETTE\nette\app\models\TeamModel.php:45  @  http://cd.localhost/livesearch?table=tymy&searched_phrase=s  @@  exception-2012-09-22-19-06-58-4307f34c7cefd4bdb4a195af4f940398.html
[2012-09-22 19-32-42] NBadRequestException: Page not found. Missing template '…\stranky\!__NETTE\nette\app\templates\ClubSelect\ajax.latte'. in D:\stranky\!__NETTE\nette\libs\Nette\Application\UI\Presenter.php:701  @  http://cd.localhost/clubselect/ajax  @@  exception-2012-09-22-19-32-42-3144c82f9f32f4c9c9171a4d55e021f3.html
[2012-09-22 19-36-31] Fatal error: Undefined index:  id_away_team in D:\stranky\!__NETTE\nette\app\presenters\ClubSelectPresenter.php:21  @  http://cd.localhost/clubselect/ajax  @@  exception-2012-09-22-19-36-31-8600ad6cfa266fa1102332eba8779090.html
[2012-09-23 09-40-01] NBadRequestException: Page not found. Missing template '…\stranky\!__NETTE\nette\app\templates\Arrangement2\ajax.latte'. in D:\stranky\!__NETTE\nette\libs\Nette\Application\UI\Presenter.php:701  @  http://cd.localhost/arrangement2/clickaway  @@  exception-2012-09-23-09-40-01-ee7a306cb457fd199d4a7a68ce505272.html
[2012-09-23 09-40-13] NBadRequestException: Page not found. Missing template '…\stranky\!__NETTE\nette\app\templates\Arrangement2\ajax.latte'. in D:\stranky\!__NETTE\nette\libs\Nette\Application\UI\Presenter.php:701  @  http://cd.localhost/arrangement2/clickaway  @@  exception-2012-09-23-09-40-01-ee7a306cb457fd199d4a7a68ce505272.html
[2012-12-09 19-01-00] Fatal error: Undefined property: Player::$id_facr in D:\stranky\!__NETTE\nette\app\models\PlayerModel.php:16  @  http://cd.localhost/arrangement/lastarrangement  @@  exception-2012-12-09-19-01-00-b97238902bae1587b2f015bf1d706abe.html
[2012-12-09 19-01-11] Fatal error: Undefined property: Player::$id_facr in D:\stranky\!__NETTE\nette\app\models\PlayerModel.php:16  @  http://cd.localhost/arrangement/lastarrangement  @@  exception-2012-12-09-19-01-00-b97238902bae1587b2f015bf1d706abe.html
[2012-12-09 19-02-31] Fatal error: Undefined property: Player::$id_facr in D:\stranky\!__NETTE\nette\app\models\PlayerModel.php:16  @  http://cd.localhost/arrangement/lastarrangement  @@  exception-2012-12-09-19-02-31-a92395b699ed8fc6ce27a069f74c4d27.html
[2012-12-09 19-10-42] Fatal error: Undefined property: Player::$id_facr in D:\stranky\!__NETTE\nette\app\models\PlayerModel.php:16  @  http://cd.localhost/arrangement/lastarrangement  @@  exception-2012-12-09-19-02-31-a92395b699ed8fc6ce27a069f74c4d27.html
[2012-12-09 19-10-47] Fatal error: Undefined property: Player::$id_facr in D:\stranky\!__NETTE\nette\app\models\PlayerModel.php:16  @  http://cd.localhost/arrangement/lastarrangement  @@  exception-2012-12-09-19-02-31-a92395b699ed8fc6ce27a069f74c4d27.html
[2012-12-09 19-10-47] Fatal error: Undefined property: Player::$id_facr in D:\stranky\!__NETTE\nette\app\models\PlayerModel.php:16  @  http://cd.localhost/arrangement/lastarrangement  @@  exception-2012-12-09-19-02-31-a92395b699ed8fc6ce27a069f74c4d27.html
[2012-12-09 19-10-47] Fatal error: Undefined property: Player::$id_facr in D:\stranky\!__NETTE\nette\app\models\PlayerModel.php:16  @  http://cd.localhost/arrangement/lastarrangement  @@  exception-2012-12-09-19-02-31-a92395b699ed8fc6ce27a069f74c4d27.html
[2012-12-09 19-10-47] Fatal error: Undefined property: Player::$id_facr in D:\stranky\!__NETTE\nette\app\models\PlayerModel.php:16  @  http://cd.localhost/arrangement/lastarrangement  @@  exception-2012-12-09-19-02-31-a92395b699ed8fc6ce27a069f74c4d27.html
[2012-12-09 19-10-47] Fatal error: Undefined property: Player::$id_facr in D:\stranky\!__NETTE\nette\app\models\PlayerModel.php:16  @  http://cd.localhost/arrangement/lastarrangement  @@  exception-2012-12-09-19-02-31-a92395b699ed8fc6ce27a069f74c4d27.html
[2012-12-09 19-10-48] Fatal error: Undefined property: Player::$id_facr in D:\stranky\!__NETTE\nette\app\models\PlayerModel.php:16  @  http://cd.localhost/arrangement/lastarrangement  @@  exception-2012-12-09-19-02-31-a92395b699ed8fc6ce27a069f74c4d27.html
[2012-12-09 19-10-48] Fatal error: Undefined property: Player::$id_facr in D:\stranky\!__NETTE\nette\app\models\PlayerModel.php:16  @  http://cd.localhost/arrangement/lastarrangement  @@  exception-2012-12-09-19-02-31-a92395b699ed8fc6ce27a069f74c4d27.html
[2012-12-09 19-10-48] Fatal error: Undefined property: Player::$id_facr in D:\stranky\!__NETTE\nette\app\models\PlayerModel.php:16  @  http://cd.localhost/arrangement/lastarrangement  @@  exception-2012-12-09-19-02-31-a92395b699ed8fc6ce27a069f74c4d27.html
[2012-12-09 19-10-48] Fatal error: Undefined property: Player::$id_facr in D:\stranky\!__NETTE\nette\app\models\PlayerModel.php:16  @  http://cd.localhost/arrangement/lastarrangement  @@  exception-2012-12-09-19-02-31-a92395b699ed8fc6ce27a069f74c4d27.html
[2012-12-09 19-10-48] Fatal error: Undefined property: Player::$id_facr in D:\stranky\!__NETTE\nette\app\models\PlayerModel.php:16  @  http://cd.localhost/arrangement/lastarrangement  @@  exception-2012-12-09-19-02-31-a92395b699ed8fc6ce27a069f74c4d27.html
[2012-12-09 19-10-48] Fatal error: Undefined property: Player::$id_facr in D:\stranky\!__NETTE\nette\app\models\PlayerModel.php:16  @  http://cd.localhost/arrangement/lastarrangement  @@  exception-2012-12-09-19-02-31-a92395b699ed8fc6ce27a069f74c4d27.html
[2012-12-09 19-10-48] Fatal error: Undefined property: Player::$id_facr in D:\stranky\!__NETTE\nette\app\models\PlayerModel.php:16  @  http://cd.localhost/arrangement/lastarrangement  @@  exception-2012-12-09-19-02-31-a92395b699ed8fc6ce27a069f74c4d27.html
[2012-12-09 19-10-49] Fatal error: Undefined property: Player::$id_facr in D:\stranky\!__NETTE\nette\app\models\PlayerModel.php:16  @  http://cd.localhost/arrangement/lastarrangement  @@  exception-2012-12-09-19-02-31-a92395b699ed8fc6ce27a069f74c4d27.html
[2012-12-09 19-10-49] Fatal error: Undefined property: Player::$id_facr in D:\stranky\!__NETTE\nette\app\models\PlayerModel.php:16  @  http://cd.localhost/arrangement/lastarrangement  @@  exception-2012-12-09-19-02-31-a92395b699ed8fc6ce27a069f74c4d27.html
[2012-12-09 19-10-54] Fatal error: Undefined property: Player::$id_facr in D:\stranky\!__NETTE\nette\app\models\PlayerModel.php:16  @  http://cd.localhost/arrangement/lastarrangement  @@  exception-2012-12-09-19-02-31-a92395b699ed8fc6ce27a069f74c4d27.html
[2012-12-09 19-11-48] Fatal error: Undefined property: Player::$id_facr in D:\stranky\!__NETTE\nette\app\models\PlayerModel.php:16  @  http://cd.localhost/arrangement/lastarrangement  @@  exception-2012-12-09-19-01-00-b97238902bae1587b2f015bf1d706abe.html
[2012-12-09 19-11-53] Fatal error: Undefined property: Player::$id_facr in D:\stranky\!__NETTE\nette\app\models\PlayerModel.php:16  @  http://cd.localhost/arrangement/lastarrangement  @@  exception-2012-12-09-19-01-00-b97238902bae1587b2f015bf1d706abe.html
[2012-12-09 19-11-54] Fatal error: Undefined property: Player::$id_facr in D:\stranky\!__NETTE\nette\app\models\PlayerModel.php:16  @  http://cd.localhost/arrangement/lastarrangement  @@  exception-2012-12-09-19-01-00-b97238902bae1587b2f015bf1d706abe.html
[2012-12-09 19-11-54] Fatal error: Undefined property: Player::$id_facr in D:\stranky\!__NETTE\nette\app\models\PlayerModel.php:16  @  http://cd.localhost/arrangement/lastarrangement  @@  exception-2012-12-09-19-01-00-b97238902bae1587b2f015bf1d706abe.html
[2012-12-09 19-11-55] Fatal error: Undefined property: Player::$id_facr in D:\stranky\!__NETTE\nette\app\models\PlayerModel.php:16  @  http://cd.localhost/arrangement/lastarrangement  @@  exception-2012-12-09-19-01-00-b97238902bae1587b2f015bf1d706abe.html
[2012-12-09 19-11-55] Fatal error: Undefined property: Player::$id_facr in D:\stranky\!__NETTE\nette\app\models\PlayerModel.php:16  @  http://cd.localhost/arrangement/lastarrangement  @@  exception-2012-12-09-19-01-00-b97238902bae1587b2f015bf1d706abe.html
[2012-12-09 19-11-55] Fatal error: Undefined property: Player::$id_facr in D:\stranky\!__NETTE\nette\app\models\PlayerModel.php:16  @  http://cd.localhost/arrangement/lastarrangement  @@  exception-2012-12-09-19-01-00-b97238902bae1587b2f015bf1d706abe.html
[2012-12-09 19-11-55] Fatal error: Undefined property: Player::$id_facr in D:\stranky\!__NETTE\nette\app\models\PlayerModel.php:16  @  http://cd.localhost/arrangement/lastarrangement  @@  exception-2012-12-09-19-01-00-b97238902bae1587b2f015bf1d706abe.html
[2012-12-09 19-11-55] Fatal error: Undefined property: Player::$id_facr in D:\stranky\!__NETTE\nette\app\models\PlayerModel.php:16  @  http://cd.localhost/arrangement/lastarrangement  @@  exception-2012-12-09-19-01-00-b97238902bae1587b2f015bf1d706abe.html
[2012-12-09 19-11-56] Fatal error: Undefined property: Player::$id_facr in D:\stranky\!__NETTE\nette\app\models\PlayerModel.php:16  @  http://cd.localhost/arrangement/lastarrangement  @@  exception-2012-12-09-19-01-00-b97238902bae1587b2f015bf1d706abe.html
[2012-12-09 19-12-52] Fatal error: Undefined property: Player::$id_facr in D:\stranky\!__NETTE\nette\app\models\PlayerModel.php:16  @  http://cd.localhost/arrangement/lastarrangement  @@  exception-2012-12-09-19-01-00-b97238902bae1587b2f015bf1d706abe.html
[2012-12-09 19-16-24] Fatal error: Undefined property: Player::$id_facr in D:\stranky\!__NETTE\nette\app\models\PlayerModel.php:16  @  http://cd.localhost/arrangement/lastarrangement  @@  exception-2012-12-09-19-01-00-b97238902bae1587b2f015bf1d706abe.html
[2012-12-09 19-18-39] Fatal error: Undefined property: Player::$id_facr in D:\stranky\!__NETTE\nette\app\models\PlayerModel.php:16  @  http://cd.localhost/arrangement/lastarrangement  @@  exception-2012-12-09-19-01-00-b97238902bae1587b2f015bf1d706abe.html
[2012-12-09 19-18-54] Fatal error: Undefined property: Player::$id_facr in D:\stranky\!__NETTE\nette\app\models\PlayerModel.php:16  @  http://cd.localhost/arrangement/lastarrangement  @@  exception-2012-12-09-19-01-00-b97238902bae1587b2f015bf1d706abe.html
[2012-12-09 19-21-33] Fatal error: Undefined property: Player::$id_facr in D:\stranky\!__NETTE\nette\app\models\PlayerModel.php:16  @  http://cd.localhost/arrangement/lastarrangement  @@  exception-2012-12-09-19-01-00-b97238902bae1587b2f015bf1d706abe.html
[2012-12-09 19-22-09] Fatal error: Undefined property: Player::$id_facr in D:\stranky\!__NETTE\nette\app\models\PlayerModel.php:16  @  http://cd.localhost/arrangement/lastarrangement  @@  exception-2012-12-09-19-01-00-b97238902bae1587b2f015bf1d706abe.html
[2012-12-09 19-24-10] Fatal error: Undefined property: Player::$id_facr in D:\stranky\!__NETTE\nette\app\models\PlayerModel.php:16  @  http://cd.localhost/arrangement/lastarrangement  @@  exception-2012-12-09-19-24-10-01865bdf816eedb7e4aefea0105cbaa8.html
[2012-12-09 19-25-22] Fatal error: Undefined property: Player::$id_facr in D:\stranky\!__NETTE\nette\app\models\PlayerModel.php:16  @  http://cd.localhost/arrangement/lastarrangement  @@  exception-2012-12-09-19-01-00-b97238902bae1587b2f015bf1d706abe.html
[2012-12-09 19-25-43] Fatal error: Undefined property: Player::$id_facr in D:\stranky\!__NETTE\nette\app\models\PlayerModel.php:16  @  http://cd.localhost/arrangement/lastarrangement  @@  exception-2012-12-09-19-25-43-30058749f9c43789a5fa5c6a4d861700.html
[2012-12-09 19-27-40] Fatal error: Undefined property: Player::$id_facr in D:\stranky\!__NETTE\nette\app\models\PlayerModel.php:16  @  http://cd.localhost/arrangement/lastarrangement  @@  exception-2012-12-09-19-27-40-d300ae6c1d97889f8434523ca928624e.html
[2012-12-09 19-28-06] Fatal error: Undefined property: Player::$id_facr in D:\stranky\!__NETTE\nette\app\models\PlayerModel.php:16  @  http://cd.localhost/arrangement/lastarrangement  @@  exception-2012-12-09-19-28-06-63cb836809d2e794e5eb68749b035425.html
[2012-12-09 19-28-45] Fatal error: Undefined property: Player::$id_facr in D:\stranky\!__NETTE\nette\app\models\PlayerModel.php:16  @  http://cd.localhost/arrangement/lastarrangement  @@  exception-2012-12-09-19-28-45-f0715a77a2e88f5d6badaa62c85f891f.html
[2012-12-09 19-29-03] Fatal error: Call to a member function setRowClass() on a non-object in D:\stranky\!__NETTE\nette\app\models\Model.php:124  @  http://cd.localhost/arrangement/lastarrangement  @@  exception-2012-12-09-19-29-03-8506d8b0d9b5b8e49d45b0d052b0f808.html
[2012-12-09 19-29-27] Fatal error: Undefined property: Player::$id_facr in D:\stranky\!__NETTE\nette\app\models\PlayerModel.php:16  @  http://cd.localhost/arrangement/lastarrangement  @@  exception-2012-12-09-19-01-00-b97238902bae1587b2f015bf1d706abe.html
[2012-12-09 19-31-43] Fatal error: Undefined property: Player::$id_facr in D:\stranky\!__NETTE\nette\app\models\PlayerModel.php:16  @  http://cd.localhost/arrangement/lastarrangement  @@  exception-2012-12-09-19-01-00-b97238902bae1587b2f015bf1d706abe.html
[2012-12-09 19-32-00] Fatal error: Undefined property: Player::$id_facr in D:\stranky\!__NETTE\nette\app\models\PlayerModel.php:16  @  http://cd.localhost/arrangement/lastarrangement  @@  exception-2012-12-09-19-02-31-a92395b699ed8fc6ce27a069f74c4d27.html
[2012-12-09 19-32-01] Fatal error: Undefined property: Player::$id_facr in D:\stranky\!__NETTE\nette\app\models\PlayerModel.php:16  @  http://cd.localhost/arrangement/lastarrangement  @@  exception-2012-12-09-19-02-31-a92395b699ed8fc6ce27a069f74c4d27.html
[2012-12-09 19-32-01] Fatal error: Undefined property: Player::$id_facr in D:\stranky\!__NETTE\nette\app\models\PlayerModel.php:16  @  http://cd.localhost/arrangement/lastarrangement  @@  exception-2012-12-09-19-02-31-a92395b699ed8fc6ce27a069f74c4d27.html
[2012-12-09 19-32-01] Fatal error: Undefined property: Player::$id_facr in D:\stranky\!__NETTE\nette\app\models\PlayerModel.php:16  @  http://cd.localhost/arrangement/lastarrangement  @@  exception-2012-12-09-19-02-31-a92395b699ed8fc6ce27a069f74c4d27.html
[2012-12-09 19-32-01] Fatal error: Undefined property: Player::$id_facr in D:\stranky\!__NETTE\nette\app\models\PlayerModel.php:16  @  http://cd.localhost/arrangement/lastarrangement  @@  exception-2012-12-09-19-02-31-a92395b699ed8fc6ce27a069f74c4d27.html
[2012-12-09 19-32-36] DibiDriverException: You have an error in your SQL syntax; check the manual that corresponds to your MySQL server version for the right syntax to use near 'ORDER BY
                z.position ASC' at line 11 in D:\stranky\!__NETTE\nette\libs\dibi\drivers\mysql.php:167  @  http://cd.localhost/arrangement/lastarrangement  @@  exception-2012-12-09-19-32-36-adc46f63601a1913de53a8137592a45f.html
[2012-12-09 19-32-48] DibiDriverException: You have an error in your SQL syntax; check the manual that corresponds to your MySQL server version for the right syntax to use near 'ORDER BY
                position ASC' at line 11 in D:\stranky\!__NETTE\nette\libs\dibi\drivers\mysql.php:167  @  http://cd.localhost/arrangement/lastarrangement  @@  exception-2012-12-09-19-32-48-3b1f92ca62b2eb554eb90b1cb96bf25d.html
[2012-12-09 19-33-13] DibiDriverException: You have an error in your SQL syntax; check the manual that corresponds to your MySQL server version for the right syntax to use near 'ORDER BY
                z.position ASC' at line 11 in D:\stranky\!__NETTE\nette\libs\dibi\drivers\mysql.php:167  @  http://cd.localhost/arrangement/lastarrangement  @@  exception-2012-12-09-19-32-36-adc46f63601a1913de53a8137592a45f.html
[2012-12-09 19-33-18] DibiDriverException: You have an error in your SQL syntax; check the manual that corresponds to your MySQL server version for the right syntax to use near 'ORDER BY
                z.position ASC' at line 11 in D:\stranky\!__NETTE\nette\libs\dibi\drivers\mysql.php:167  @  http://cd.localhost/arrangement/lastarrangement  @@  exception-2012-12-09-19-32-36-adc46f63601a1913de53a8137592a45f.html
[2012-12-09 19-33-25] DibiDriverException: You have an error in your SQL syntax; check the manual that corresponds to your MySQL server version for the right syntax to use near 'ORDER BY
                z.position ASC' at line 11 in D:\stranky\!__NETTE\nette\libs\dibi\drivers\mysql.php:167  @  http://cd.localhost/arrangement/lastarrangement  @@  exception-2012-12-09-19-32-36-adc46f63601a1913de53a8137592a45f.html
[2012-12-09 19-35-43] Fatal error: Undefined property: Player::$id_facr in D:\stranky\!__NETTE\nette\app\models\PlayerModel.php:25  @  http://cd.localhost/arrangement/lastarrangement  @@  exception-2012-12-09-19-35-43-ae59f8a3291fd9c132b2a957366e9a31.html
[2012-12-09 19-35-49] Fatal error: Undefined property: Player::$id_facr in D:\stranky\!__NETTE\nette\app\models\PlayerModel.php:25  @  http://cd.localhost/arrangement/lastarrangement  @@  exception-2012-12-09-19-35-43-ae59f8a3291fd9c132b2a957366e9a31.html
[2012-12-09 19-37-57] Fatal error: Undefined property: Player::$id_facr in D:\stranky\!__NETTE\nette\app\models\PlayerModel.php:25  @  http://cd.localhost/arrangement/lastarrangement  @@  exception-2012-12-09-19-37-57-0f47c40d94a8ff32bfbd874cbe242704.html
[2012-12-09 19-38-12] Fatal error: Undefined property: Player::$id_facr in D:\stranky\!__NETTE\nette\app\models\PlayerModel.php:25  @  http://cd.localhost/arrangement/lastarrangement  @@  exception-2012-12-09-19-38-12-8e98bac4a3ac90f1e602bd7ed9091bdd.html
[2012-12-09 19-38-35] Fatal error: Undefined property: Player::$id_facr in D:\stranky\!__NETTE\nette\app\models\PlayerModel.php:25  @  http://cd.localhost/arrangement/lastarrangement  @@  exception-2012-12-09-19-38-35-29e2dcac669cf7699861cfd372a4b35f.html
[2012-12-09 19-39-31] Fatal error: Undefined property: Player::$id_facr in D:\stranky\!__NETTE\nette\app\models\PlayerModel.php:25  @  http://cd.localhost/arrangement/lastarrangement  @@  exception-2012-12-09-19-39-31-6e8b86ea6b8868b3544163476199df94.html
[2012-12-09 19-39-57] Fatal error: Undefined property: Player::$id_facr in D:\stranky\!__NETTE\nette\app\models\PlayerModel.php:25  @  http://cd.localhost/arrangement/lastarrangement  @@  exception-2012-12-09-19-39-31-6e8b86ea6b8868b3544163476199df94.html
[2012-12-09 19-44-27] Fatal error: Undefined property: Player::$id_facr in D:\stranky\!__NETTE\nette\app\models\PlayerModel.php:16  @  http://cd.localhost/arrangement/lastarrangement  @@  exception-2012-12-09-19-44-27-ad744855c92a2514571f950f4e89ccb3.html
[2012-12-27 11-37-57] NBadRequestException: Page not found. Missing template '…\stranky\!__NETTE\nette\app\templates\Added\ajax.latte'. in D:\stranky\!__NETTE\nette\libs\Nette\Application\UI\Presenter.php:701  @  http://cd.localhost/added/clickaway  @@  exception-2012-12-27-11-37-57-f57c1cdb124cebe1329f0affef647b3f.html
[2012-12-27 11-38-03] NBadRequestException: Page not found. Missing template '…\stranky\!__NETTE\nette\app\templates\Added\ajax.latte'. in D:\stranky\!__NETTE\nette\libs\Nette\Application\UI\Presenter.php:701  @  http://cd.localhost/added/clickaway  @@  exception-2012-12-27-11-37-57-f57c1cdb124cebe1329f0affef647b3f.html
[2012-12-27 11-38-04] NBadRequestException: Page not found. Missing template '…\stranky\!__NETTE\nette\app\templates\Added\ajax.latte'. in D:\stranky\!__NETTE\nette\libs\Nette\Application\UI\Presenter.php:701  @  http://cd.localhost/added/clickaway  @@  exception-2012-12-27-11-37-57-f57c1cdb124cebe1329f0affef647b3f.html
[2012-12-27 11-38-04] NBadRequestException: Page not found. Missing template '…\stranky\!__NETTE\nette\app\templates\Added\ajax.latte'. in D:\stranky\!__NETTE\nette\libs\Nette\Application\UI\Presenter.php:701  @  http://cd.localhost/added/clickaway  @@  exception-2012-12-27-11-37-57-f57c1cdb124cebe1329f0affef647b3f.html
[2012-12-27 11-39-31] NBadRequestException: Page not found. Missing template '…\stranky\!__NETTE\nette\app\templates\Added\ajax.latte'. in D:\stranky\!__NETTE\nette\libs\Nette\Application\UI\Presenter.php:701  @  http://cd.localhost/added/clickaway  @@  exception-2012-12-27-11-37-57-f57c1cdb124cebe1329f0affef647b3f.html
[2012-12-27 11-59-20] NBadRequestException: Page not found. Missing template '…\stranky\!__NETTE\nette\app\templates\Added\ajax.latte'. in D:\stranky\!__NETTE\nette\libs\Nette\Application\UI\Presenter.php:701  @  http://cd.localhost/added/clickaway  @@  exception-2012-12-27-11-37-57-f57c1cdb124cebe1329f0affef647b3f.html
[2012-12-27 11-59-26] NBadRequestException: Page not found. Missing template '…\stranky\!__NETTE\nette\app\templates\Added\ajax.latte'. in D:\stranky\!__NETTE\nette\libs\Nette\Application\UI\Presenter.php:701  @  http://cd.localhost/added/clickaway  @@  exception-2012-12-27-11-37-57-f57c1cdb124cebe1329f0affef647b3f.html
[2012-12-27 12-01-01] Fatal error: Undefined index:  players in D:\stranky\!__NETTE\nette\app\presenters\ArrangementPresenter.php:38  @  http://cd.localhost/added/clickaway  @@  exception-2012-12-27-12-01-01-2171dbf4269ee4ce7f5151c64a09211e.html
[2012-12-27 12-02-03] NBadRequestException: Page not found. Missing template '…\stranky\!__NETTE\nette\app\templates\Added\ajax.latte'. in D:\stranky\!__NETTE\nette\libs\Nette\Application\UI\Presenter.php:701  @  http://cd.localhost/added/clickaway  @@  exception-2012-12-27-11-37-57-f57c1cdb124cebe1329f0affef647b3f.html
[2012-12-27 12-02-05] NBadRequestException: Page not found. Missing template '…\stranky\!__NETTE\nette\app\templates\Added\ajax.latte'. in D:\stranky\!__NETTE\nette\libs\Nette\Application\UI\Presenter.php:701  @  http://cd.localhost/added/clickaway  @@  exception-2012-12-27-11-37-57-f57c1cdb124cebe1329f0affef647b3f.html
[2012-12-27 12-02-05] NBadRequestException: Page not found. Missing template '…\stranky\!__NETTE\nette\app\templates\Added\ajax.latte'. in D:\stranky\!__NETTE\nette\libs\Nette\Application\UI\Presenter.php:701  @  http://cd.localhost/added/clickaway  @@  exception-2012-12-27-11-37-57-f57c1cdb124cebe1329f0affef647b3f.html
[2012-12-27 12-03-09] NBadRequestException: Page not found. Missing template '…\stranky\!__NETTE\nette\app\templates\Added\ajax.latte'. in D:\stranky\!__NETTE\nette\libs\Nette\Application\UI\Presenter.php:701  @  http://cd.localhost/added/clickaway  @@  exception-2012-12-27-11-37-57-f57c1cdb124cebe1329f0affef647b3f.html
[2012-12-27 12-04-34] NBadRequestException: Page not found. Missing template '…\stranky\!__NETTE\nette\app\templates\Added\ajax.latte'. in D:\stranky\!__NETTE\nette\libs\Nette\Application\UI\Presenter.php:701  @  http://cd.localhost/added/clickaway  @@  exception-2012-12-27-11-37-57-f57c1cdb124cebe1329f0affef647b3f.html
[2012-12-27 12-07-04] NBadRequestException: Page not found. Missing template '…\stranky\!__NETTE\nette\app\templates\Added\ajax.latte'. in D:\stranky\!__NETTE\nette\libs\Nette\Application\UI\Presenter.php:701  @  http://cd.localhost/added/clickaway  @@  exception-2012-12-27-11-37-57-f57c1cdb124cebe1329f0affef647b3f.html
[2012-12-27 14-52-42] Fatal error: Undefined index:  variables in D:\stranky\!__NETTE\nette\app\presenters\AddedPresenter.php:83  @  http://cd.localhost/added/clickaway  @@  exception-2012-12-27-14-52-42-1f70d9887b6beae9d5c673130d90ba36.html
[2012-12-27 15-14-31] Fatal error: Undefined index:  variables in D:\stranky\!__NETTE\nette\app\presenters\AddedPresenter.php:105  @  http://cd.localhost/added/clickaway  @@  exception-2012-12-27-15-14-31-840f8b65b28e150fcc69472f3462525e.html
[2012-12-27 15-14-37] Fatal error: Undefined index:  variables in D:\stranky\!__NETTE\nette\app\presenters\AddedPresenter.php:105  @  http://cd.localhost/added/clickaway  @@  exception-2012-12-27-15-14-31-840f8b65b28e150fcc69472f3462525e.html
[2012-12-27 15-14-38] Fatal error: Undefined index:  variables in D:\stranky\!__NETTE\nette\app\presenters\AddedPresenter.php:105  @  http://cd.localhost/added/clickaway  @@  exception-2012-12-27-15-14-31-840f8b65b28e150fcc69472f3462525e.html
[2012-12-27 15-14-38] Fatal error: Undefined index:  variables in D:\stranky\!__NETTE\nette\app\presenters\AddedPresenter.php:105  @  http://cd.localhost/added/clickaway  @@  exception-2012-12-27-15-14-31-840f8b65b28e150fcc69472f3462525e.html
[2012-12-27 15-14-38] Fatal error: Undefined index:  variables in D:\stranky\!__NETTE\nette\app\presenters\AddedPresenter.php:105  @  http://cd.localhost/added/clickaway  @@  exception-2012-12-27-15-14-31-840f8b65b28e150fcc69472f3462525e.html
[2012-12-27 15-14-43] Fatal error: Undefined index:  variables in D:\stranky\!__NETTE\nette\app\presenters\AddedPresenter.php:105  @  http://cd.localhost/added/clickaway  @@  exception-2012-12-27-15-14-31-840f8b65b28e150fcc69472f3462525e.html
[2012-12-27 15-14-56] Fatal error: Undefined index:  variables in D:\stranky\!__NETTE\nette\app\presenters\AddedPresenter.php:105  @  http://cd.localhost/added/clickaway  @@  exception-2012-12-27-15-14-31-840f8b65b28e150fcc69472f3462525e.html
[2012-12-27 15-15-17] Fatal error: Undefined index:  variables in D:\stranky\!__NETTE\nette\app\presenters\AddedPresenter.php:105  @  http://cd.localhost/added/clickaway  @@  exception-2012-12-27-15-14-31-840f8b65b28e150fcc69472f3462525e.html
[2012-12-27 15-16-00] Fatal error: Undefined index:  variables in D:\stranky\!__NETTE\nette\app\presenters\AddedPresenter.php:105  @  http://cd.localhost/added/clickaway  @@  exception-2012-12-27-15-14-31-840f8b65b28e150fcc69472f3462525e.html
[2012-12-27 15-16-08] Fatal error: Undefined index:  variables in D:\stranky\!__NETTE\nette\app\presenters\AddedPresenter.php:105  @  http://cd.localhost/added/clickaway  @@  exception-2012-12-27-15-14-31-840f8b65b28e150fcc69472f3462525e.html
[2012-12-27 15-17-17] Fatal error: Undefined index:  variables in D:\stranky\!__NETTE\nette\app\presenters\AddedPresenter.php:105  @  http://cd.localhost/added/clickaway  @@  exception-2012-12-27-15-14-31-840f8b65b28e150fcc69472f3462525e.html
[2012-12-27 15-36-20] NBadRequestException: Page not found. Missing template '…\stranky\!__NETTE\nette\app\templates\Arrangement\erase.latte'. in D:\stranky\!__NETTE\nette\libs\Nette\Application\UI\Presenter.php:701  @  http://cd.localhost/arrangement/erase  @@  exception-2012-12-27-15-36-20-63bfbd530a94b80c546fe33b3035cb9e.html
[2012-12-27 15-36-24] NBadRequestException: Page not found. Missing template '…\stranky\!__NETTE\nette\app\templates\Arrangement\erase.latte'. in D:\stranky\!__NETTE\nette\libs\Nette\Application\UI\Presenter.php:701  @  http://cd.localhost/arrangement/erase  @@  exception-2012-12-27-15-36-20-63bfbd530a94b80c546fe33b3035cb9e.html
[2012-12-27 15-37-11] NBadRequestException: Page not found. Missing template '…\stranky\!__NETTE\nette\app\templates\Arrangement\erase.latte'. in D:\stranky\!__NETTE\nette\libs\Nette\Application\UI\Presenter.php:701  @  http://cd.localhost/arrangement/erase  @@  exception-2012-12-27-15-36-20-63bfbd530a94b80c546fe33b3035cb9e.html
[2012-12-27 15-38-16] NBadRequestException: Page not found. Missing template '…\stranky\!__NETTE\nette\app\templates\Arrangement\erase.latte'. in D:\stranky\!__NETTE\nette\libs\Nette\Application\UI\Presenter.php:701  @  http://cd.localhost/arrangement/erase  @@  exception-2012-12-27-15-36-20-63bfbd530a94b80c546fe33b3035cb9e.html
[2012-12-28 16-41-29] MemberAccessException: Call to undefined method Added2Presenter::playersRestrictions(). in D:\stranky\!__NETTE\nette\libs\Nette\common\ObjectMixin.php:70  @  http://cd.localhost/added2/clickaway  @@  exception-2012-12-28-16-41-29-35c1f3a136f7c0baa53f58a7b5f77041.html
[2012-12-28 16-41-37] MemberAccessException: Call to undefined method Added2Presenter::playersRestrictions(). in D:\stranky\!__NETTE\nette\libs\Nette\common\ObjectMixin.php:70  @  http://cd.localhost/added2/clickaway  @@  exception-2012-12-28-16-41-29-35c1f3a136f7c0baa53f58a7b5f77041.html
[2012-12-28 16-43-32] MemberAccessException: Call to undefined method Added2Presenter::playersRestrictions(). in D:\stranky\!__NETTE\nette\libs\Nette\common\ObjectMixin.php:70  @  http://cd.localhost/added2/clickaway  @@  exception-2012-12-28-16-41-29-35c1f3a136f7c0baa53f58a7b5f77041.html
[2012-12-28 16-47-09] MemberAccessException: Call to undefined method Added2Presenter::playersRestrictions(). in D:\stranky\!__NETTE\nette\libs\Nette\common\ObjectMixin.php:70  @  http://cd.localhost/added2/clickaway  @@  exception-2012-12-28-16-41-29-35c1f3a136f7c0baa53f58a7b5f77041.html
[2012-12-28 16-47-29] MemberAccessException: Call to undefined method Added2Presenter::playersRestrictions(). in D:\stranky\!__NETTE\nette\libs\Nette\common\ObjectMixin.php:70  @  http://cd.localhost/added2/clickaway  @@  exception-2012-12-28-16-41-29-35c1f3a136f7c0baa53f58a7b5f77041.html
[2012-12-28 16-47-37] MemberAccessException: Call to undefined method Added2Presenter::playersRestrictions(). in D:\stranky\!__NETTE\nette\libs\Nette\common\ObjectMixin.php:70  @  http://cd.localhost/added2/clickaway  @@  exception-2012-12-28-16-41-29-35c1f3a136f7c0baa53f58a7b5f77041.html
[2012-12-28 16-47-54] MemberAccessException: Call to undefined method Added2Presenter::playersRestrictions(). in D:\stranky\!__NETTE\nette\libs\Nette\common\ObjectMixin.php:70  @  http://cd.localhost/added2/clickaway  @@  exception-2012-12-28-16-41-29-35c1f3a136f7c0baa53f58a7b5f77041.html
[2012-12-28 17-36-21] Fatal error: Undefined variable: counter in D:\stranky\!__NETTE\nette\app\presenters\ArrangementPresenter.php:137  @  http://cd.localhost/added2/print  @@  exception-2012-12-28-17-36-21-5031645909085bc58a7c42f2df4478e1.html
[2012-12-28 17-37-01] Fatal error: Undefined variable: counter in D:\stranky\!__NETTE\nette\app\presenters\ArrangementPresenter.php:137  @  http://cd.localhost/added2/print  @@  exception-2012-12-28-17-37-01-59cd83c0863085b6fdbd3c72904687f6.html
[2012-12-28 17-37-24] Fatal error: The variable 'variables' does not exist in template. in D:\stranky\!__NETTE\nette\libs\Nette\Templating\Template.php:353  @  http://cd.localhost/added2/print  @@  exception-2012-12-28-17-37-24-dcaf934e21291f32d689e9fab6d35e69.html
[2012-12-28 17-37-40] Fatal error: Undefined variable: counter in D:\stranky\!__NETTE\nette\app\presenters\ArrangementPresenter.php:137  @  http://cd.localhost/added2/print  @@  exception-2012-12-28-17-37-40-be4d8e03be1274c9e33b7b6e0939ffe2.html
[2012-12-28 19-46-12] InvalidStateException: Cannot include undefined block 'added_title'. in D:\stranky\!__NETTE\zapisy\libs\Nette\Latte\Macros\UIMacros.php:463  @  http://zapisy.localhost/pdf/  @@  exception-2012-12-28-19-46-12-91f194786cd6882ddd7babfecfffdefc.html
[2012-12-28 19-46-19] InvalidStateException: Cannot include undefined block 'added_title'. in D:\stranky\!__NETTE\zapisy\libs\Nette\Latte\Macros\UIMacros.php:463  @  http://zapisy.localhost/pdf/  @@  exception-2012-12-28-19-46-12-91f194786cd6882ddd7babfecfffdefc.html
[2012-12-28 19-46-24] InvalidStateException: Cannot include undefined block 'added_title'. in D:\stranky\!__NETTE\zapisy\libs\Nette\Latte\Macros\UIMacros.php:463  @  http://zapisy.localhost/pdf/  @@  exception-2012-12-28-19-46-12-91f194786cd6882ddd7babfecfffdefc.html
[2012-12-28 19-46-38] InvalidStateException: Cannot include undefined block 'added_title'. in D:\stranky\!__NETTE\zapisy\libs\Nette\Latte\Macros\UIMacros.php:463  @  http://zapisy.localhost/pdf/  @@  exception-2012-12-28-19-46-12-91f194786cd6882ddd7babfecfffdefc.html
[2012-12-28 19-47-15] InvalidStateException: Cannot include undefined block 'added_title'. in D:\stranky\!__NETTE\zapisy\libs\Nette\Latte\Macros\UIMacros.php:463  @  http://zapisy.localhost/pdf/  @@  exception-2012-12-28-19-46-12-91f194786cd6882ddd7babfecfffdefc.html
[2012-12-28 19-47-22] InvalidStateException: Cannot include undefined block 'added_title'. in D:\stranky\!__NETTE\zapisy\libs\Nette\Latte\Macros\UIMacros.php:463  @  http://zapisy.localhost/pdf/  @@  exception-2012-12-28-19-46-12-91f194786cd6882ddd7babfecfffdefc.html
[2012-12-28 19-47-24] InvalidStateException: Cannot include undefined block 'added_title'. in D:\stranky\!__NETTE\zapisy\libs\Nette\Latte\Macros\UIMacros.php:463  @  http://zapisy.localhost/pdf/  @@  exception-2012-12-28-19-46-12-91f194786cd6882ddd7babfecfffdefc.html
[2012-12-28 19-47-25] InvalidStateException: Cannot include undefined block 'added_title'. in D:\stranky\!__NETTE\zapisy\libs\Nette\Latte\Macros\UIMacros.php:463  @  http://zapisy.localhost/pdf/  @@  exception-2012-12-28-19-46-12-91f194786cd6882ddd7babfecfffdefc.html
[2012-12-28 19-52-22] InvalidStateException: Cannot include undefined block 'added_title'. in D:\stranky\!__NETTE\zapisy\libs\Nette\Latte\Macros\UIMacros.php:463  @  http://zapisy.localhost/pdf/  @@  exception-2012-12-28-19-46-12-91f194786cd6882ddd7babfecfffdefc.html
[2012-12-28 19-52-33] InvalidStateException: Cannot include undefined block 'added_title'. in D:\stranky\!__NETTE\zapisy\libs\Nette\Latte\Macros\UIMacros.php:463  @  http://zapisy.localhost/pdf/  @@  exception-2012-12-28-19-46-12-91f194786cd6882ddd7babfecfffdefc.html
[2012-12-28 19-52-35] InvalidStateException: Cannot include undefined block 'added_title'. in D:\stranky\!__NETTE\zapisy\libs\Nette\Latte\Macros\UIMacros.php:463  @  http://zapisy.localhost/pdf/  @@  exception-2012-12-28-19-46-12-91f194786cd6882ddd7babfecfffdefc.html
[2012-12-28 19-55-59] InvalidStateException: Cannot include undefined block 'added_title'. in D:\stranky\!__NETTE\zapisy\libs\Nette\Latte\Macros\UIMacros.php:463  @  http://zapisy.localhost/pdf/  @@  exception-2012-12-28-19-46-12-91f194786cd6882ddd7babfecfffdefc.html
[2012-12-28 19-56-08] InvalidStateException: Cannot include undefined block 'added_title'. in D:\stranky\!__NETTE\zapisy\libs\Nette\Latte\Macros\UIMacros.php:463  @  http://zapisy.localhost/pdf/  @@  exception-2012-12-28-19-46-12-91f194786cd6882ddd7babfecfffdefc.html
[2012-12-28 19-56-32] InvalidStateException: Cannot include undefined block 'added_title'. in D:\stranky\!__NETTE\zapisy\libs\Nette\Latte\Macros\UIMacros.php:463  @  http://zapisy.localhost/pdf/  @@  exception-2012-12-28-19-46-12-91f194786cd6882ddd7babfecfffdefc.html
[2012-12-28 19-56-36] InvalidStateException: Cannot include undefined block 'added_title'. in D:\stranky\!__NETTE\zapisy\libs\Nette\Latte\Macros\UIMacros.php:463  @  http://zapisy.localhost/pdf/  @@  exception-2012-12-28-19-46-12-91f194786cd6882ddd7babfecfffdefc.html
[2012-12-28 19-57-37] InvalidStateException: Cannot include undefined block 'added_title'. in D:\stranky\!__NETTE\zapisy\libs\Nette\Latte\Macros\UIMacros.php:463  @  http://zapisy.localhost/pdf/  @@  exception-2012-12-28-19-46-12-91f194786cd6882ddd7babfecfffdefc.html
[2012-12-28 19-58-14] InvalidStateException: Cannot include undefined block 'added_title'. in D:\stranky\!__NETTE\zapisy\libs\Nette\Latte\Macros\UIMacros.php:463  @  http://zapisy.localhost/pdf/  @@  exception-2012-12-28-19-46-12-91f194786cd6882ddd7babfecfffdefc.html
[2012-12-28 19-58-24] InvalidStateException: Cannot include undefined block 'added_title'. in D:\stranky\!__NETTE\zapisy\libs\Nette\Latte\Macros\UIMacros.php:463  @  http://zapisy.localhost/pdf/  @@  exception-2012-12-28-19-46-12-91f194786cd6882ddd7babfecfffdefc.html
[2012-12-28 19-58-30] InvalidStateException: Cannot include undefined block 'added_title'. in D:\stranky\!__NETTE\zapisy\libs\Nette\Latte\Macros\UIMacros.php:463  @  http://zapisy.localhost/pdf/  @@  exception-2012-12-28-19-46-12-91f194786cd6882ddd7babfecfffdefc.html
[2012-12-28 19-58-32] InvalidStateException: Cannot include undefined block 'added_title'. in D:\stranky\!__NETTE\zapisy\libs\Nette\Latte\Macros\UIMacros.php:463  @  http://zapisy.localhost/pdf/  @@  exception-2012-12-28-19-46-12-91f194786cd6882ddd7babfecfffdefc.html
[2012-12-28 19-58-34] InvalidStateException: Cannot include undefined block 'added_title'. in D:\stranky\!__NETTE\zapisy\libs\Nette\Latte\Macros\UIMacros.php:463  @  http://zapisy.localhost/pdf/  @@  exception-2012-12-28-19-46-12-91f194786cd6882ddd7babfecfffdefc.html
[2012-12-28 19-58-53] InvalidStateException: Cannot include undefined block 'added_title'. in D:\stranky\!__NETTE\zapisy\libs\Nette\Latte\Macros\UIMacros.php:463  @  http://zapisy.localhost/pdf/  @@  exception-2012-12-28-19-46-12-91f194786cd6882ddd7babfecfffdefc.html
[2012-12-28 19-58-54] InvalidStateException: Cannot include undefined block 'added_title'. in D:\stranky\!__NETTE\zapisy\libs\Nette\Latte\Macros\UIMacros.php:463  @  http://zapisy.localhost/pdf/  @@  exception-2012-12-28-19-46-12-91f194786cd6882ddd7babfecfffdefc.html
[2012-12-28 19-58-55] InvalidStateException: Cannot include undefined block 'added_title'. in D:\stranky\!__NETTE\zapisy\libs\Nette\Latte\Macros\UIMacros.php:463  @  http://zapisy.localhost/pdf/  @@  exception-2012-12-28-19-46-12-91f194786cd6882ddd7babfecfffdefc.html
[2012-12-28 19-58-56] InvalidStateException: Cannot include undefined block 'added_title'. in D:\stranky\!__NETTE\zapisy\libs\Nette\Latte\Macros\UIMacros.php:463  @  http://zapisy.localhost/pdf/  @@  exception-2012-12-28-19-46-12-91f194786cd6882ddd7babfecfffdefc.html
[2012-12-28 19-58-57] InvalidStateException: Cannot include undefined block 'added_title'. in D:\stranky\!__NETTE\zapisy\libs\Nette\Latte\Macros\UIMacros.php:463  @  http://zapisy.localhost/pdf/  @@  exception-2012-12-28-19-46-12-91f194786cd6882ddd7babfecfffdefc.html
[2012-12-28 19-58-59] InvalidStateException: Cannot include undefined block 'added_title'. in D:\stranky\!__NETTE\zapisy\libs\Nette\Latte\Macros\UIMacros.php:463  @  http://zapisy.localhost/pdf/  @@  exception-2012-12-28-19-46-12-91f194786cd6882ddd7babfecfffdefc.html
[2012-12-28 20-00-16] InvalidStateException: Cannot include undefined block 'added_title'. in D:\stranky\!__NETTE\zapisy\libs\Nette\Latte\Macros\UIMacros.php:463  @  http://zapisy.localhost/pdf/  @@  exception-2012-12-28-19-46-12-91f194786cd6882ddd7babfecfffdefc.html
[2012-12-28 20-00-32] InvalidStateException: Cannot include undefined block 'added_title'. in D:\stranky\!__NETTE\zapisy\libs\Nette\Latte\Macros\UIMacros.php:463  @  http://zapisy.localhost/pdf/  @@  exception-2012-12-28-19-46-12-91f194786cd6882ddd7babfecfffdefc.html
[2012-12-28 20-02-07] InvalidStateException: Cannot include undefined block 'added_title'. in D:\stranky\!__NETTE\zapisy\libs\Nette\Latte\Macros\UIMacros.php:463  @  http://zapisy.localhost/pdf/  @@  exception-2012-12-28-19-46-12-91f194786cd6882ddd7babfecfffdefc.html
[2012-12-28 20-03-01] InvalidStateException: Cannot include undefined block 'added_title'. in D:\stranky\!__NETTE\zapisy\libs\Nette\Latte\Macros\UIMacros.php:463  @  http://zapisy.localhost/pdf/  @@  exception-2012-12-28-19-46-12-91f194786cd6882ddd7babfecfffdefc.html
[2012-12-28 20-04-00] InvalidStateException: Cannot include undefined block 'added_title'. in D:\stranky\!__NETTE\zapisy\libs\Nette\Latte\Macros\UIMacros.php:463  @  http://zapisy.localhost/pdf/  @@  exception-2012-12-28-19-46-12-91f194786cd6882ddd7babfecfffdefc.html
[2012-12-28 20-04-56] InvalidStateException: Cannot include undefined block 'added_title'. in D:\stranky\!__NETTE\zapisy\libs\Nette\Latte\Macros\UIMacros.php:463  @  http://zapisy.localhost/pdf/  @@  exception-2012-12-28-19-46-12-91f194786cd6882ddd7babfecfffdefc.html
[2013-01-13 17-53-16] DibiDriverException: Unknown column 'anonymous' in 'field list' in D:\stranky\___github\zapis-o-utkani\libs\dibi\drivers\mysql.php:167  @  http://zapis.localhost/added2/print  @@  exception-2013-01-13-17-53-16-beebe76246de7a62288d17b7ef92c617.html
[2013-01-13 17-54-09] DibiDriverException: Unknown column 'anonymous' in 'field list' in D:\stranky\___github\zapis-o-utkani\libs\dibi\drivers\mysql.php:167  @  http://zapis.localhost/added2/print  @@  exception-2013-01-13-17-54-09-aba5e93816771bb7b64cb863d75c0204.html
[2013-01-13 17-54-13] DibiDriverException: Unknown column 'anonymous' in 'field list' in D:\stranky\___github\zapis-o-utkani\libs\dibi\drivers\mysql.php:167  @  http://zapis.localhost/added2/print  @@  exception-2013-01-13-17-54-13-c1339d6c0f66a47b809843a6bba6a799.html
[2013-01-25 07-51-55] Fatal error: Undefined index:  name in D:\stranky\___github\zapis-o-utkani\app\presenters\ArrangementPresenter.php:88  @  http://zapis.localhost/added2/print  @@  exception-2013-01-25-07-51-55-b6e236756b9cd2d680ffcbe67fddfcfa.html
[2013-01-25 07-52-05] Fatal error: Undefined index:  name in D:\stranky\___github\zapis-o-utkani\app\presenters\ArrangementPresenter.php:88  @  http://zapis.localhost/added2/print  @@  exception-2013-01-25-07-51-55-b6e236756b9cd2d680ffcbe67fddfcfa.html
[2013-01-25 07-53-12] Fatal error: Undefined index:  name in D:\stranky\___github\zapis-o-utkani\app\presenters\ArrangementPresenter.php:88  @  http://zapis.localhost/added2/print  @@  exception-2013-01-25-07-51-55-b6e236756b9cd2d680ffcbe67fddfcfa.html
[2013-01-25 07-54-26] Fatal error: Undefined index:  name in D:\stranky\___github\zapis-o-utkani\app\presenters\ArrangementPresenter.php:88  @  http://zapis.localhost/added2/print  @@  exception-2013-01-25-07-51-55-b6e236756b9cd2d680ffcbe67fddfcfa.html
[2013-01-25 07-54-36] Fatal error: Undefined index:  name in D:\stranky\___github\zapis-o-utkani\app\presenters\ArrangementPresenter.php:88  @  http://zapis.localhost/added2/print  @@  exception-2013-01-25-07-51-55-b6e236756b9cd2d680ffcbe67fddfcfa.html
[2013-01-25 07-54-42] Fatal error: Undefined index:  name in D:\stranky\___github\zapis-o-utkani\app\presenters\ArrangementPresenter.php:88  @  http://zapis.localhost/added2/print  @@  exception-2013-01-25-07-51-55-b6e236756b9cd2d680ffcbe67fddfcfa.html
[2013-01-25 08-29-48] Fatal error: Call to undefined function array_change_key_case_unicode() in D:\stranky\___github\zapis-o-utkani\app\presenters\ArrangementPresenter.php:99  @  http://zapis.localhost/added2/print  @@  exception-2013-01-25-08-29-48-416e9174e8854653f99e7e4dbeb22279.html
[2013-01-25 08-30-18] Fatal error: Undefined variable: ret in D:\stranky\___github\zapis-o-utkani\app\presenters\ArrangementPresenter.php:61  @  http://zapis.localhost/added2/print  @@  exception-2013-01-25-08-30-18-ede175f97fdcb6e1212fe8ac8f9354b9.html
[2013-01-25 08-30-39] Fatal error: Undefined variable: ret in D:\stranky\___github\zapis-o-utkani\app\presenters\ArrangementPresenter.php:61  @  http://zapis.localhost/added2/print  @@  exception-2013-01-25-08-30-18-ede175f97fdcb6e1212fe8ac8f9354b9.html
[2013-01-25 08-33-12] Fatal error: Undefined variable: ret in D:\stranky\___github\zapis-o-utkani\app\presenters\ArrangementPresenter.php:61  @  http://zapis.localhost/added2/print  @@  exception-2013-01-25-08-33-12-421815b47592778f9c2223fa0e704bcc.html
[2013-01-25 08-33-21] Fatal error: Undefined variable: ret in D:\stranky\___github\zapis-o-utkani\app\presenters\ArrangementPresenter.php:61  @  http://zapis.localhost/added2/print  @@  exception-2013-01-25-08-33-12-421815b47592778f9c2223fa0e704bcc.html
[2013-01-25 08-33-37] Fatal error: Undefined variable: ret in D:\stranky\___github\zapis-o-utkani\app\presenters\ArrangementPresenter.php:61  @  http://zapis.localhost/added2/print  @@  exception-2013-01-25-08-33-12-421815b47592778f9c2223fa0e704bcc.html
[2013-01-25 08-36-39] Fatal error: Undefined index:  ZEDNÍČEK VLASTIMIL in D:\stranky\___github\zapis-o-utkani\app\presenters\ArrangementPresenter.php:103  @  http://zapis.localhost/added2/print  @@  exception-2013-01-25-08-36-39-ad558a8c2bc72daae7e18b4f1835e9cb.html
[2013-01-25 09-01-38] Fatal error: Call to undefined function str_len() in D:\stranky\___github\zapis-o-utkani\app\presenters\ArrangementPresenter.php:99  @  http://zapis.localhost/added2/print  @@  exception-2013-01-25-09-01-38-8df463663505ed87a81a9c49c6bb9b6d.html
